Extreme price: 0.0000000000000000000025582421360697588 (sqrt: 4007286632106918639798050, price: 0.000000002558242136069759, adjustment: 0.000000000001)
Extreme price: 390705792306827000000 (sqrt: 1566045978544311950575461586761440, price: 390705792.30682695, adjustment: 1000000000000)
Extreme price: 0.000000000000000000002559024857396088 (sqrt: 4007899621155529190422402, price: 0.000000002559024857396088, adjustment: 0.000000000001)
Extreme price: 390705953927606200000 (sqrt: 1566046302452416363759846828805082, price: 390705953.92760617, adjustment: 1000000000000)
Extreme price: 0.0000000000000000000025590110147354737 (sqrt: 4007888781075352463506465, price: 0.0000000025590110147354738, adjustment: 0.000000000001)
Extreme price: 0.0000000000000000000033637653738437537 (sqrt: 4595073173039603552102276, price: 0.0000000033637653738437537, adjustment: 0.000000000001)
Extreme price: 15239672385591846 (sqrt: 97806428203018975538540542201554, price: 1523967.2385591846, adjustment: 10000000000)
Extreme price: 390681232315172700000 (sqrt: 1565996756493632640778424014583069, price: 390681232.31517273, adjustment: 1000000000000)
Extreme price: 0.0000000000000000000000010001616165373785 (sqrt: 79234564546250433548720, price: 0.0000000000010001616165373785, adjustment: 0.000000000001)
Extreme price: 0.0000000000000000009632878396680568 (sqrt: 77760245434651544587, price: 0.0000000000000000009632878396680568, adjustment: 1)
Extreme price: 0.000000000000000000002558156701454421 (sqrt: 4007219718219929762614539, price: 0.0000000025581567014544213, adjustment: 0.000000000001)
Extreme price: 0.00000000001927038949712894 (sqrt: 347796198015454622427334, price: 0.00000000001927038949712894, adjustment: 1)
Extreme price: 0.0000000000000000000025578971128783805 (sqrt: 4007016397045246076288627, price: 0.0000000025578971128783807, adjustment: 0.000000000001)
Extreme price: 0.00000000000000003036234401800211 (sqrt: 43656330849695607765475168, price: 0.00000030362344018002113, adjustment: 0.0000000001)
Extreme price: 390682040394003700000 (sqrt: 1565998376034154706700350224801282, price: 390682040.3940037, adjustment: 1000000000000)
Extreme price: 0.00000000000000000000000015590816525224755 (sqrt: 31283404780583529743483, price: 0.00000000000015590816525224756, adjustment: 0.000000000001)
Extreme price: 0.0000000000000000000025578918924423918 (sqrt: 4007012308064658303508338, price: 0.000000002557891892442392, adjustment: 0.000000000001)
Extreme price: 0.0000000000000000000025575969746559728 (sqrt: 4006781302745725126678942, price: 0.000000002557596974655973, adjustment: 0.000000000001)
Extreme price: 0.0000000000000000000025580867167522142 (sqrt: 4007164904142945062606934, price: 0.0000000025580867167522144, adjustment: 0.000000000001)
Extreme price: 686409475485.9313 (sqrt: 65640399981707918820543013012798769, price: 686409475485.9313, adjustment: 1)
Extreme price: 390433544086424700000 (sqrt: 1565500264176939932428502135103785, price: 390433544.0864247, adjustment: 1000000000000)
Extreme price: 0.00000000000000000000000012903716903760894 (sqrt: 28460137696352761636499, price: 0.00000000000012903716903760895, adjustment: 0.000000000001)
Extreme price: 4365719506221.709 (sqrt: 5234889252765121367585535614899, price: 4365.719506221709, adjustment: 1000000000)
Extreme price: 8290822738354798000000000 (sqrt: 228127897896575238707271164756498654, price: 8290822738354.798, adjustment: 1000000000000)
Extreme price: 682531896678.1022 (sqrt: 65454733618699247004921829727652817, price: 682531896678.1022, adjustment: 1)
Extreme price: 6506238891591452 (sqrt: 63906434290491451989695092418396, price: 650623.8891591452, adjustment: 10000000000)
Extreme price: 0.0000000000000000000000010006375219164288 (sqrt: 79253413335418201644718, price: 0.0000000000010006375219164289, adjustment: 0.000000000001)
Extreme price: 390650013145579300000 (sqrt: 1565934186179274231649284593135494, price: 390650013.14557934, adjustment: 1000000000000)
Extreme price: 0.00000000000000000000000022036880677317334 (sqrt: 37192437664409395585933, price: 0.00000000000022036880677317335, adjustment: 0.000000000001)
Extreme price: 0.0000000000000000000025583145710913456 (sqrt: 4007343363609177393531463, price: 0.0000000025583145710913456, adjustment: 0.000000000001)
Extreme price: 0.00000000000000000000000012693118020912254 (sqrt: 28226936276637651566592, price: 0.00000000000012693118020912254, adjustment: 0.000000000001)
Extreme price: 0.0000000000000000000025581498108597285 (sqrt: 4007214321336795312059930, price: 0.0000000025581498108597286, adjustment: 0.000000000001)
Extreme price: 0.000000000000000000000000020008679703605512 (sqrt: 11206985236462945675927, price: 0.000000000000020008679703605513, adjustment: 0.000000000001)
Extreme price: 0.0000000000000000000000000012572248041784812 (sqrt: 2809221956357298010804, price: 0.0000000000000012572248041784813, adjustment: 0.000000000001)
Extreme price: 691884383656.2941 (sqrt: 65901659048432667565589458642761129, price: 691884383656.2941, adjustment: 1)
Extreme price: 390649119008229950000 (sqrt: 1565932394087892331357535170684268, price: 390649119.00823, adjustment: 1000000000000)
Extreme price: 0.000000000000000000002558907495768271 (sqrt: 4007807715245456045700353, price: 0.000000002558907495768271, adjustment: 0.000000000001)
Extreme price: 0.0000000000000000000000005928983531077635 (sqrt: 6100560040849239599639, price: 0.000000000000005928983531077635, adjustment: 0.0000000001)
Extreme price: 0.000000000000000000002559011626542277 (sqrt: 4007889260177134864807477, price: 0.000000002559011626542277, adjustment: 0.000000000001)
Extreme price: 390515371566993830000 (sqrt: 1565664305193917179584419862922954, price: 390515371.56699383, adjustment: 1000000000000)
Extreme price: 0.000000000000000000002559655467020995 (sqrt: 4008393415575558693212291, price: 0.000000002559655467020995, adjustment: 0.000000000001)
Extreme price: 0.000000000017483878069671853 (sqrt: 10476071848380304133331234458, price: 0.017483878069671853, adjustment: 0.000000001)
Extreme price: 0.000000000009680808095131317 (sqrt: 7795345873910548993719231870, price: 0.009680808095131317, adjustment: 0.000000001)
Extreme price: 0.00000000000019245839632953068 (sqrt: 1099127350942480409410373683, price: 0.00019245839632953067, adjustment: 0.000000001)
Extreme price: 0.00000000000018613096121833846 (sqrt: 1080908404848821290140698831, price: 0.00018613096121833844, adjustment: 0.000000001)
Extreme price: 0.000000000017759014624789286 (sqrt: 10558178892215374491285491035, price: 0.017759014624789286, adjustment: 0.000000001)
Extreme price: 0.00000000002198726160409185 (sqrt: 371505421187155615790962, price: 0.00000000002198726160409185, adjustment: 1)
Extreme price: 0.0000000000026232901599542385 (sqrt: 128322481333052294312189, price: 0.0000000000026232901599542385, adjustment: 1)
Extreme price: 0.00000000001775916448502142 (sqrt: 10558223439951698467707179030, price: 0.01775916448502142, adjustment: 0.000000001)
Extreme price: 0.0000000000000000009931418798854694 (sqrt: 78956016982331818894, price: 0.0000000000000000009931418798854694, adjustment: 1)
Extreme price: 0.000000000017851815680381314 (sqrt: 10585729223210118017444221958, price: 0.017851815680381314, adjustment: 0.000000001)
Extreme price: 681118027882.7196 (sqrt: 65386903542114401332053078076104331, price: 681118027882.7196, adjustment: 1)
Extreme price: 0.0000000000030004434112461748 (sqrt: 137237343837830438375419, price: 0.0000000000030004434112461748, adjustment: 1)
Extreme price: 0.0000000000007917763603081892 (sqrt: 70498657897357761854568, price: 0.0000000000007917763603081892, adjustment: 1)
Extreme price: 671562794881.0188 (sqrt: 64926635406193451139793042254046612, price: 671562794881.0188, adjustment: 1)
Extreme price: 0.000000000017511588619104465 (sqrt: 10484370429852155922779501590, price: 0.017511588619104464, adjustment: 0.000000001)
Extreme price: 0.000000000017518309462396015 (sqrt: 10486382156275200656610577426, price: 0.017518309462396013, adjustment: 0.000000001)
Extreme price: 671177064770.2761 (sqrt: 64907986550356333116676074835781261, price: 671177064770.2761, adjustment: 1)
Extreme price: 0.000000000003012635634362486 (sqrt: 137515891330945873705216, price: 0.000000000003012635634362486, adjustment: 1)
Extreme price: 0.000000000009629324377953133 (sqrt: 7774589941820139512398219359, price: 0.009629324377953132, adjustment: 0.000000001)
Extreme price: 0.000000000010421195991008747 (sqrt: 255763381741729642844861, price: 0.000000000010421195991008747, adjustment: 1)
Extreme price: 667337973898.9612 (sqrt: 64722085519941337516973483782845267, price: 667337973898.9612, adjustment: 1)
Extreme price: 0.000000000000000000997643841575416 (sqrt: 79134770418892856013, price: 0.000000000000000000997643841575416, adjustment: 1)
Extreme price: 660192469305.3966 (sqrt: 64374647919550780276532264415659951, price: 660192469305.3966, adjustment: 1)
Extreme price: 0.000000000010417195098805122 (sqrt: 255714280853790534060125, price: 0.000000000010417195098805122, adjustment: 1)
Extreme price: 0.000000000017523548282504805 (sqrt: 10487950006280692929032209820, price: 0.017523548282504804, adjustment: 0.000000001)
Extreme price: 0.00000000000018968391862203159 (sqrt: 1091176087878258202223979298, price: 0.00018968391862203159, adjustment: 0.000000001)
Extreme price: 0.00000000001770687708926609 (sqrt: 10542668964987509689237472577, price: 0.01770687708926609, adjustment: 0.000000001)
Extreme price: 0.0000000000030115729961223328 (sqrt: 137491636400921338168585, price: 0.0000000000030115729961223328, adjustment: 1)
Extreme price: 0.0000000000000000055733232732729814 (sqrt: 187040950571078981470, price: 0.0000000000000000055733232732729814, adjustment: 1)
Extreme price: 0.000000000017775929860785492 (sqrt: 10563205961129818837652843920, price: 0.01777592986078549, adjustment: 0.000000001)
Extreme price: 673073826968.4801 (sqrt: 64999637593660479030403943559071606, price: 673073826968.4801, adjustment: 1)
Extreme price: 16092788918.746164 (sqrt: 10050675263337936046339728564448423, price: 16092788918.746164, adjustment: 1)
Extreme price: 0.000000000018097414789031373 (sqrt: 10658297883726153691155318962, price: 0.01809741478903137, adjustment: 0.000000001)
Extreme price: 676529874946.7982 (sqrt: 65166301506756398698103057997314714, price: 676529874946.7982, adjustment: 1)
Extreme price: 745223330707.0043 (sqrt: 68394756103312332827327725925934230, price: 745223330707.0043, adjustment: 1)
Extreme price: 16091705991.902466 (sqrt: 10050337089227565148297908707211392, price: 16091705991.902466, adjustment: 1)
Extreme price: 0.00000000000019435298096494003 (sqrt: 1104524075832029869926741663, price: 0.00019435298096494001, adjustment: 0.000000001)
Extreme price: 16092904261.540117 (sqrt: 10050711281671819204320028615622676, price: 16092904261.540117, adjustment: 1)
Extreme price: 0.00000000000018843931684047674 (sqrt: 1087590346938789782807662406, price: 0.00018843931684047672, adjustment: 0.000000001)
Extreme price: 0.0000000000001806706017277684 (sqrt: 1064935560322187228220629604, price: 0.00018067060172776838, adjustment: 0.000000001)
Extreme price: 778255194807.5153 (sqrt: 69894113013185551819992233993712608, price: 778255194807.5153, adjustment: 1)
Extreme price: 774791043198.266 (sqrt: 69738383992044810080663079445699441, price: 774791043198.266, adjustment: 1)
Extreme price: 0.00000000001812276187073506 (sqrt: 10665759231709227722997786864, price: 0.018122761870735058, adjustment: 0.000000001)
Extreme price: 0.000000000009541230052455406 (sqrt: 7738945129666664372564565721, price: 0.009541230052455406, adjustment: 0.000000001)
Extreme price: 16084923562.175114 (sqrt: 10048218827518214293150924438200411, price: 16084923562.175114, adjustment: 1)
Extreme price: 742658572483.9023 (sqrt: 68276961078672053170040960459221646, price: 742658572483.9023, adjustment: 1)
Extreme price: 738191122055.4519 (sqrt: 68071291843928729197357354758965031, price: 738191122055.4519, adjustment: 1)
Extreme price: 16062905569.21312 (sqrt: 10041339174824245432579115620091469, price: 16062905569.21312, adjustment: 1)
Extreme price: 0.00000000000016911909242496972 (sqrt: 1030328951620693690831568314, price: 0.00016911909242496971, adjustment: 0.000000001)
Extreme price: 0.0000000000029230187167428782 (sqrt: 135455106435432952294550, price: 0.0000000000029230187167428782, adjustment: 1)
Extreme price: 0.0000000000033890445233683233 (sqrt: 145853958667353377866525, price: 0.0000000000033890445233683233, adjustment: 1)
Extreme price: 16058769589.534595 (sqrt: 10040046337474865267906542100263452, price: 16058769589.534595, adjustment: 1)
Extreme price: 150187193498.81763 (sqrt: 30704076161713177091770920161631509, price: 150187193498.81763, adjustment: 1)
Extreme price: 144930680096.49054 (sqrt: 30161973137453266767132547803303979, price: 144930680096.49054, adjustment: 1)
Extreme price: 0.000000000017096823960684538 (sqrt: 10359464433705705839057489900, price: 0.017096823960684536, adjustment: 0.000000001)
Extreme price: 16058180162.405798 (sqrt: 10039862078962509283092953865544451, price: 16058180162.405798, adjustment: 1)
Extreme price: 16053503826.140064 (sqrt: 10038400107890725634512329329172943, price: 16053503826.140064, adjustment: 1)
Extreme price: 0.00000000000017455519682154887 (sqrt: 1046757244488571991768153308, price: 0.00017455519682154887, adjustment: 0.000000001)
Extreme price: 0.00000000000017801729919421866 (sqrt: 1057086892218837327301743899, price: 0.00017801729919421865, adjustment: 0.000000001)
Extreme price: 0.00000000000018854314847409984 (sqrt: 1087889941346109141557840762, price: 0.00018854314847409982, adjustment: 0.000000001)
Extreme price: 0.0000000000028706603544748407 (sqrt: 134236459625467499967479, price: 0.0000000000028706603544748407, adjustment: 1)
Extreme price: 0.00000000001728016859934343 (sqrt: 10414863239750824353863880935, price: 0.017280168599343428, adjustment: 0.000000001)
Extreme price: 0.00000000000012427406945738506 (sqrt: 883221929672557725103207393, price: 0.00012427406945738506, adjustment: 0.000000001)
Extreme price: 0.00000000000018975931925453383 (sqrt: 1091392941244549852341074866, price: 0.00018975931925453382, adjustment: 0.000000001)
Extreme price: 738186674800.7771 (sqrt: 68071086794844703467748043896629239, price: 738186674800.7771, adjustment: 1)
Extreme price: 0.00000000000019406805884533333 (sqrt: 1103714160895458578043513611, price: 0.00019406805884533332, adjustment: 0.000000001)
Extreme price: 0.000000000000045457046756283996 (sqrt: 534170859444264097383686084, price: 0.00004545704675628399, adjustment: 0.000000001)
Extreme price: 0.0000000000011811616637466793 (sqrt: 86106166615849873321052, price: 0.0000000000011811616637466793, adjustment: 1)
Extreme price: 0.000000000017334780359175425 (sqrt: 10431307678097075203371899069, price: 0.017334780359175423, adjustment: 0.000000001)
Extreme price: 0.000000000017448517823902372 (sqrt: 10465472827939643918025060003, price: 0.01744851782390237, adjustment: 0.000000001)
Extreme price: 0.0000000000000000009987848353752695 (sqrt: 79180010251401229130, price: 0.0000000000000000009987848353752695, adjustment: 1)
Extreme price: 0.00000000000019819868182768388 (sqrt: 1115398265038953213112478482, price: 0.00019819868182768387, adjustment: 0.000000001)
Extreme price: 16051700988.125984 (sqrt: 10037836426664548901810210183748908, price: 16051700988.125984, adjustment: 1)
Extreme price: 0.00000000000020532217747433578 (sqrt: 1135265694248498389864770708, price: 0.00020532217747433576, adjustment: 0.000000001)
Extreme price: 0.00000000000903862734936417 (sqrt: 7532355768297681075957244899, price: 0.00903862734936417, adjustment: 0.000000001)
Extreme price: 0.000000000008908570483994973 (sqrt: 7477967855299954225960293781, price: 0.008908570483994972, adjustment: 0.000000001)
Extreme price: 0.0000000000011383576098418465 (sqrt: 84531571192240874304325, price: 0.0000000000011383576098418465, adjustment: 1)
Extreme price: 0.000000000010449215965651514 (sqrt: 256106992624999060548794, price: 0.000000000010449215965651514, adjustment: 1)
Extreme price: 0.0000000000011383984609850518 (sqrt: 84533087930175584341430, price: 0.0000000000011383984609850518, adjustment: 1)
Extreme price: 0.000000000017645274821088276 (sqrt: 10524314001436299611806309494, price: 0.017645274821088276, adjustment: 0.000000001)
Extreme price: 0.00000000000020864649473917853 (sqrt: 1144419186404022821778872411, price: 0.00020864649473917852, adjustment: 0.000000001)
Extreme price: 0.0000000000011376679792176966 (sqrt: 84505962195819420547473, raw: 0.0000000000011376679792176966, adjustment: 1)
Extreme price: 65617278351.67568 (sqrt: 20294982922206520700478439724211617, raw: 65617278351.67568, adjustment: 1)
Extreme price: 16050984602.272514 (sqrt: 10037612430333704659530075691164884, raw: 16050984602.272514, adjustment: 1)
Extreme price: 56873891304.5678 (sqrt: 18894528356275422138183451400018278, raw: 56873891304.5678, adjustment: 1)
Extreme price: 56717520173.35956 (sqrt: 18868535828384362626703840131387056, raw: 56717520173.35956, adjustment: 1)
Extreme price: 999552765157.9015 (sqrt: 79210443735553074865682126230, raw: 0.9995527651579015, adjustment: 1000000000000)
Extreme price: 0.0000000000170884506789395 (sqrt: 10356927315176100832866343766, raw: 0.0170884506789395, adjustment: 0.000000001)
Extreme price: 0.00000000001691460716051386 (sqrt: 10304111313482863462464912011, raw: 0.01691460716051386, adjustment: 0.000000001)
Extreme price: 0.0000000000027131569298997797 (sqrt: 130501961950961890342707, raw: 0.0000000000027131569298997797, adjustment: 1)
Extreme price: 0.000000000016638812752966953 (sqrt: 10219761269541617465809929496, raw: 0.016638812752966952, adjustment: 0.000000001)
Extreme price: 0.0000000000011327906056186053 (sqrt: 84324622005427792681424, raw: 0.0000000000011327906056186053, adjustment: 1)
Extreme price: 16050315665.433838 (sqrt: 10037403265635926896338013408927885, raw: 16050315665.433838, adjustment: 1)
Extreme price: 0.000000000016901075720898103 (sqrt: 10299988919292641448961186970, raw: 0.016901075720898103, adjustment: 0.000000001)
Extreme price: 0.000000000017431753995265576 (sqrt: 10460444218794689417295748810, raw: 0.017431753995265576, adjustment: 0.000000001)
Extreme price: 0.000000000017768608948445037 (sqrt: 10561030539946926108849540643, raw: 0.017768608948445036, adjustment: 0.000000001)
Extreme price: 0.0000000000027966619150769295 (sqrt: 132495023908142412246235, raw: 0.0000000000027966619150769295, adjustment: 1)
Extreme price: 16043040259.611479 (sqrt: 10035128093576363673336642125238518, raw: 16043040259.611479, adjustment: 1)
Extreme price: 0.00000000001780924817250265 (sqrt: 10573100898485194511835995663, raw: 0.017809248172502647, adjustment: 0.000000001)
Extreme price: 55339795236.02371 (sqrt: 18637959242148482092234472314505679, raw: 55339795236.02371, adjustment: 1)
Extreme price: 0.000000000017579630401624375 (sqrt: 10504719344251555542645324919, raw: 0.017579630401624375, adjustment: 0.000000001)
Extreme price: 719510685112.0658 (sqrt: 67204477307291123770555527854988093, raw: 719510685112.0658, adjustment: 1)
Extreme price: 0.00000000001941157066351197 (sqrt: 349067907288126631508464, raw: 0.00000000001941157066351197, adjustment: 1)
Extreme price: 0.000000000019563941400319694 (sqrt: 350435230128122343914444, raw: 0.000000000019563941400319694, adjustment: 1)
Extreme price: 0.000000000017765282125378325 (sqrt: 10560041820885285722999910427, raw: 0.017765282125378323, adjustment: 0.000000001)
Extreme price: 999556935417.5581 (sqrt: 79210608973339841127925290345, raw: 0.9995569354175581, adjustment: 1000000000000)
Extreme price: 0.00000000005848956782240867 (sqrt: 605924886169943013935528, raw: 0.00000000005848956782240867, adjustment: 1)
Extreme price: 16023710072.861341 (sqrt: 10029080631129204017231040129184206, raw: 16023710072.861341, adjustment: 1)
Extreme price: 676084987872.941 (sqrt: 65144871253584663310727946191279938, raw: 676084987872.941, adjustment: 1)
Extreme price: 0.00000000001786695771809785 (sqrt: 10590217717230956730466047977, raw: 0.017866957718097848, adjustment: 0.000000001)
Extreme price: 662802976003.606 (sqrt: 64501796183452838182387533170831535, raw: 662802976003.606, adjustment: 1)
Extreme price: 0.00000000000860425284032503 (sqrt: 7349133992227248539961791511, raw: 0.00860425284032503, adjustment: 0.000000001)
Extreme price: 680901192048.5015 (sqrt: 65376494661571665772714850802013761, raw: 680901192048.5015, adjustment: 1)
Extreme price: 688689672380.3041 (sqrt: 65749335644105872075975559319504427, raw: 688689672380.3041, adjustment: 1)
Extreme price: 0.0000000000006673883869874038 (sqrt: 2046769357337448009536595237, raw: 0.0006673883869874038, adjustment: 0.000000001)
Extreme price: 0.0000000000006513727331949397 (sqrt: 2022061550478006884872749056, raw: 0.0006513727331949397, adjustment: 0.000000001)
Extreme price: 0.0000000000007849877833135609 (sqrt: 70195784609155104126386, raw: 0.0000000000007849877833135609, adjustment: 1)
Extreme price: 0.00000000000022647406196943075 (sqrt: 1192308989905043183920576819, raw: 0.00022647406196943073, adjustment: 0.000000001)
Extreme price: 0.000000000002774926835904789 (sqrt: 131979157662219623019799, raw: 0.000000000002774926835904789, adjustment: 1)
Extreme price: 56381935202.50077 (sqrt: 18812632545820826390753434801551938, raw: 56381935202.50077, adjustment: 1)
Extreme price: 672227384227.729 (sqrt: 64958753683474612826400103612475332, raw: 672227384227.729, adjustment: 1)
Extreme price: 0.0000000000007617526421967075 (sqrt: 69149105795146345887222, raw: 0.0000000000007617526421967075, adjustment: 1)
Extreme price: 0.000000000017870913485816647 (sqrt: 10591389996349152967998815941, raw: 0.017870913485816646, adjustment: 0.000000001)
Extreme price: 0.000000000017607167988911325 (sqrt: 10512943676175578052574477340, raw: 0.017607167988911324, adjustment: 0.000000001)
Extreme price: 0.0000000000011189514293413076 (sqrt: 83807946872189448053086, raw: 0.0000000000011189514293413076, adjustment: 1)
Extreme price: 668513148129.557 (sqrt: 64779047864667285712246170735882113, raw: 668513148129.557, adjustment: 1)
Extreme price: 0.000000000022067875242699502 (sqrt: 372185837965720813820332, raw: 0.000000000022067875242699502, adjustment: 1)
Extreme price: 0.000000000000217667937287681 (sqrt: 1168898535753442362775799055, raw: 0.00021766793728768098, adjustment: 0.000000001)
Extreme price: 695546551707.5736 (sqrt: 66075838751890481103363158774003061, raw: 695546551707.5736, adjustment: 1)
Extreme price: 0.000000000000650203876299756 (sqrt: 2020246489979959179917151024, raw: 0.000650203876299756, adjustment: 0.000000001)
Extreme price: 0.00000000000000000103017103488701 (sqrt: 80414478738808868662, raw: 0.00000000000000000103017103488701, adjustment: 1)
Extreme price: 0.0000000000026317868235166505 (sqrt: 128530127351777592216391, raw: 0.0000000000026317868235166505, adjustment: 1)
Extreme price: 0.0000000000028150369376097027 (sqrt: 132929580027349335560782, raw: 0.0000000000028150369376097027, adjustment: 1)
Extreme price: 0.000000000002795490226127787 (sqrt: 132467265955341717931336, raw: 0.000000000002795490226127787, adjustment: 1)
Extreme price: 999566456471.7382 (sqrt: 79210986223838058111099949848, raw: 0.9995664564717381, adjustment: 1000000000000)
Extreme price: 687394076060.5724 (sqrt: 65687461114997763898527321608158513, raw: 687394076060.5724, adjustment: 1)
Extreme price: 0.000000000002767003617751488 (sqrt: 131790603651432940578894, raw: 0.000000000002767003617751488, adjustment: 1)
Extreme price: 686998022052.4221 (sqrt: 65668534903958961729735637835551745, raw: 686998022052.4221, adjustment: 1)
Extreme price: 0.000000000008861549268735389 (sqrt: 7458206640539900913976260886, raw: 0.008861549268735388, adjustment: 0.000000001)
Extreme price: 0.000000000008999919443416077 (sqrt: 7516209813237478877629175096, raw: 0.008999919443416077, adjustment: 0.000000001)
Extreme price: 0.0000000000025654922562855374 (sqrt: 126900968845990454408350, raw: 0.0000000000025654922562855374, adjustment: 1)
Extreme price: 0.000000000009080489131257472 (sqrt: 7549778412905651933425298292, raw: 0.009080489131257473, adjustment: 0.000000001)
Extreme price: 0.0000000000000000010303568567159113 (sqrt: 80421730977137097420, raw: 0.0000000000000000010303568567159113, adjustment: 1)
Extreme price: 714625669149.202 (sqrt: 66975951116563656245305951124210536, raw: 714625669149.202, adjustment: 1)
Extreme price: 738185802041.7463 (sqrt: 68071046554567196127260719715142141, raw: 738185802041.7463, adjustment: 1)
Extreme price: 150144600488.50443 (sqrt: 30699722022932566789544452380115785, raw: 150144600488.50443, adjustment: 1)
Extreme price: 144393623676.8825 (sqrt: 30106037031813579504097999298038393, raw: 144393623676.8825, adjustment: 1)
Extreme price: 0.000000000002629379727409538 (sqrt: 128471335518523238472512, raw: 0.000000000002629379727409538, adjustment: 1)
Extreme price: 0.0000000000000000010311576691181967 (sqrt: 80452977535198265537, raw: 0.0000000000000000010311576691181967, adjustment: 1)
Extreme price: 0.00000000000008925346759981401 (sqrt: 23669666164947730033307, raw: 0.00000000000008925346759981401, adjustment: 1)
Extreme price: 999583388503.0062 (sqrt: 79211657113305734281942845586, raw: 0.9995833885030062, adjustment: 1000000000000)
Extreme price: 0.000000000018831792256128297 (sqrt: 343815467731433513414827, raw: 0.000000000018831792256128297, adjustment: 1)
Extreme price: 0.000000000010078583958186281 (sqrt: 251523948868038131302992, raw: 0.000000000010078583958186281, adjustment: 1)
Extreme price: 0.00000000001887880716311433 (sqrt: 344244380063953206324979, raw: 0.00000000001887880716311433, adjustment: 1)
Extreme price: 0.000000000018886575179876673 (sqrt: 344315195478089333734409, raw: 0.000000000018886575179876673, adjustment: 1)
Extreme price: 0.000000000010080062436696245 (sqrt: 251542396852284312988623, raw: 0.000000000010080062436696245, adjustment: 1)
Extreme price: 0.000000000018923733763051223 (sqrt: 344653742245814554522087, raw: 0.000000000018923733763051223, adjustment: 1)
Extreme price: 0.000000000032406272053532416 (sqrt: 451018255223268317168984, raw: 0.000000000032406272053532416, adjustment: 1)
Extreme price: 941801035109.7646 (sqrt: 76888106439659938257895222486040034, raw: 941801035109.7646, adjustment: 1)
Extreme price: 37675096533.1463 (sqrt: 15378244822770684476427025031227103, raw: 37675096533.1463, adjustment: 1)
Extreme price: 147376655360.6468 (sqrt: 30415427978573649617585923785839317, raw: 147376655360.6468, adjustment: 1)
Extreme price: 144272125360.21768 (sqrt: 30093368180822617811078025186730492, raw: 144272125360.21768, adjustment: 1)
Extreme price: 37006586574.01708 (sqrt: 15241197748356264529755158429502772, raw: 37006586574.01708, adjustment: 1)
Extreme price: 39017753275.08839 (sqrt: 15649869226097278628397446102763777, raw: 39017753275.08839, adjustment: 1)
Extreme price: 0.00000000000241348935844908 (sqrt: 123084191674877594912210, raw: 0.00000000000241348935844908, adjustment: 1)
Extreme price: 0.0000000000006470034145497559 (sqrt: 2015268283944195079252029886, raw: 0.0006470034145497559, adjustment: 0.000000001)
Extreme price: 0.0000000000195424754674396 (sqrt: 350242925225359445151204, raw: 0.0000000000195424754674396, adjustment: 1)
Extreme price: 0.0000000000156698609288361 (sqrt: 9917727120145271719719444190, raw: 0.0156698609288361, adjustment: 0.000000001)
Extreme price: 51343964979.76516 (sqrt: 17952473135368197184600136117540714, raw: 51343964979.76516, adjustment: 1)
Extreme price: 0.0000000000023571239548045835 (sqrt: 121638426770594860532168, raw: 0.0000000000023571239548045835, adjustment: 1)
Extreme price: 0.0000000000000000010013607824997967 (sqrt: 79282050336615524727, raw: 0.0000000000000000010013607824997967, adjustment: 1)
Extreme price: 52235399892.924904 (sqrt: 18107648089039507208021753317275442, raw: 52235399892.924904, adjustment: 1)
Extreme price: 0.000000000016922105266193563 (sqrt: 10306394924163333434307898833, raw: 0.016922105266193564, adjustment: 0.000000001)
Extreme price: 0.0000000000021971700120706525 (sqrt: 117438748697813821058521, raw: 0.0000000000021971700120706525, adjustment: 1)
Extreme price: 16000180245.243732 (sqrt: 10021714383473474627964315422951913, raw: 16000180245.243732, adjustment: 1)
Extreme price: 0.0000000000002361654373172737 (sqrt: 1217552658583033593823269917, raw: 0.0002361654373172737, adjustment: 0.000000001)
Extreme price: 0.000000000016607614879681308 (sqrt: 10210175717483081906798709741, raw: 0.016607614879681307, adjustment: 0.000000001)
Extreme price: 0.0000000000016041840153299515 (sqrt: 100347527455873128830555, raw: 0.0000000000016041840153299515, adjustment: 1)
Extreme price: 0.000000000002260390739235839 (sqrt: 119116340742608724567331, raw: 0.000000000002260390739235839, adjustment: 1)
Extreme price: 15992524836.228407 (sqrt: 10019316613557230578675378892003831, raw: 15992524836.228407, adjustment: 1)
Extreme price: 0.00000000001881032403841245 (sqrt: 343619437262656281935267, raw: 0.00000000001881032403841245, adjustment: 1)
Extreme price: 0.000000000002310375062975071 (sqrt: 120426157113788748054422, raw: 0.000000000002310375062975071, adjustment: 1)
Extreme price: 15990569124.582813 (sqrt: 10018703968165715049633627116265003, raw: 15990569124.582813, adjustment: 1)
Extreme price: 0.000000000011490488067383276 (sqrt: 268564633911860235907807701583, raw: 11.490488067383277, adjustment: 0.000000000001)
Extreme price: 928045371584.0897 (sqrt: 76324538730922350617443665953161548, raw: 928045371584.0897, adjustment: 1)
Extreme price: 0.000000000011490488067383294 (sqrt: 268564633911860450385668805876, raw: 11.490488067383295, adjustment: 0.000000000001)
Extreme price: 0.000000000010079052908653456 (sqrt: 251529800429219079791307, raw: 0.000000000010079052908653456, adjustment: 1)
Extreme price: 0.000000000011491265393789385 (sqrt: 268573717897236268922475303287, raw: 11.491265393789385, adjustment: 0.000000000001)
Extreme price: 914171936891.9946 (sqrt: 75751899326066684453342027897231469, raw: 914171936891.9946, adjustment: 1)
Extreme price: 0.000000000011492161136122988 (sqrt: 268584185332831843898686426439, raw: 11.492161136122988, adjustment: 0.000000000001)
Extreme price: 897274668136.8662 (sqrt: 75048546797925612543319931052794496, raw: 897274668136.8662, adjustment: 1)
Extreme price: 0.000000000011493056913366713 (sqrt: 268594652768427418874897549591, raw: 11.493056913366713, adjustment: 0.000000000001)
Extreme price: 0.00000000001149407251336824 (sqrt: 268606519876796967145192523554, raw: 11.49407251336824, adjustment: 0.000000000001)
Extreme price: 0.0000000000000000010041805234157048 (sqrt: 79393597387788297534, raw: 0.0000000000000000010041805234157048, adjustment: 1)
Extreme price: 0.000000000011494910970813433 (sqrt: 268616316710300381225140491688, raw: 11.494910970813434, adjustment: 0.000000000001)
Extreme price: 50874796723.122375 (sqrt: 17870262303563315884593934725891469, raw: 50874796723.122375, adjustment: 1)
Extreme price: 0.00000000000025255404548954097 (sqrt: 1259089924199746729081134968, raw: 0.00025255404548954095, adjustment: 0.000000001)
Extreme price: 50083258834.306564 (sqrt: 17730699674368353382687973586322031, raw: 50083258834.306564, adjustment: 1)
Extreme price: 0.000000000000000001007687115988799 (sqrt: 79532097573873215545, raw: 0.000000000000000001007687115988799, adjustment: 1)
Extreme price: 0.00000000000009238927937087682 (sqrt: 24081879201384091000388, raw: 0.00000000000009238927937087682, adjustment: 1)
Extreme price: 15989102576.26538 (sqrt: 10018244533287809395373912643474573, raw: 15989102576.26538, adjustment: 1)
Extreme price: 0.00000000000037800593761163015 (sqrt: 48711207406185624247970, raw: 0.00000000000037800593761163015, adjustment: 1)
Extreme price: 0.0000000000163823913885826 (sqrt: 10140706948485182745707084839, raw: 0.0163823913885826, adjustment: 0.000000001)
Extreme price: 0.0000000000016131577997568496 (sqrt: 100627807410806088049346, raw: 0.0000000000016131577997568496, adjustment: 1)
Extreme price: 0.0000000000016044763039515389 (sqrt: 100356668896097844644913, raw: 0.0000000000016044763039515389, adjustment: 1)
Extreme price: 0.0000000000016040029002818055 (sqrt: 100341862594453524283128, raw: 0.0000000000016040029002818055, adjustment: 1)
Extreme price: 0.000000000000000001008755706067157 (sqrt: 79574255844056547113, raw: 0.000000000000000001008755706067157, adjustment: 1)
Extreme price: 15985347469.284557 (sqrt: 10017068051091855892698650559200653, raw: 15985347469.284557, adjustment: 1)
Extreme price: 938840652212.674 (sqrt: 76767169332050654462441516755748101, raw: 938840652212.674, adjustment: 1)
Extreme price: 0.000000000002405273814963865 (sqrt: 122874523144506312727538, raw: 0.000000000002405273814963865, adjustment: 1)
Extreme price: 0.0000000000016082301263104582 (sqrt: 100473997217013901317506, raw: 0.0000000000016082301263104582, adjustment: 1)
Extreme price: 958329563149.2662 (sqrt: 77559861809550811333313115071763001, raw: 958329563149.2662, adjustment: 1)
Extreme price: 0.00000000002207086198171159 (sqrt: 372211023542938250530639, raw: 0.00000000002207086198171159, adjustment: 1)
Extreme price: 0.000000000002560001976174329 (sqrt: 126765108950520025120312, raw: 0.000000000002560001976174329, adjustment: 1)
Extreme price: 0.0000000000000000010088058628024176 (sqrt: 79576234090746668695, raw: 0.0000000000000000010088058628024176, adjustment: 1)
Extreme price: 0.00000000000026848907233357514 (sqrt: 1298203844501103284388965732, raw: 0.0002684890723335751, adjustment: 0.000000001)
Extreme price: 0.000000000016555133791314307 (sqrt: 10194030559647037872046208519, raw: 0.016555133791314305, adjustment: 0.000000001)
Extreme price: 0.00000000001672617984234106 (sqrt: 10246557105425646109569932770, raw: 0.01672617984234106, adjustment: 0.000000001)
Extreme price: 50026253166.67516 (sqrt: 17720606100453508441236794661274577, raw: 50026253166.67516, adjustment: 1)
Extreme price: 0.00000000002225480606458619 (sqrt: 373758855104073786710466, raw: 0.00000000002225480606458619, adjustment: 1)
Extreme price: 999605292746.9952 (sqrt: 79212525005859234208168409881, raw: 0.9996052927469953, adjustment: 1000000000000)
Extreme price: 955711517190.1658 (sqrt: 77453847051540491834297033351068420, raw: 955711517190.1658, adjustment: 1)
Extreme price: 0.000000000000000000970315003892701 (sqrt: 78043359709885683426, raw: 0.000000000000000000970315003892701, adjustment: 1)
Extreme price: 38843230992.40208 (sqrt: 15614829895661137153908413901667008, raw: 38843230992.40208, adjustment: 1)
Extreme price: 0.000000000016752461224583917 (sqrt: 10254604011117825044894236116, raw: 0.016752461224583917, adjustment: 0.000000001)
Extreme price: 42776471020.29708 (sqrt: 16386343718939404201267394372603889, raw: 42776471020.29708, adjustment: 1)
Extreme price: 15981499138.964334 (sqrt: 10015862218464956980728870872417801, raw: 15981499138.964334, adjustment: 1)
Extreme price: 15978905693.932579 (sqrt: 10015049508662666060855687580443327, raw: 15978905693.932579, adjustment: 1)
Extreme price: 15975976007.162643 (sqrt: 10014131351198495626043570974181369, raw: 15975976007.162643, adjustment: 1)
Extreme price: 15976764893.752834 (sqrt: 10014378594822592463892599300793905, raw: 15976764893.752834, adjustment: 1)
Extreme price: 15972859608.683304 (sqrt: 10013154586280678222376913974749155, raw: 15972859608.683304, adjustment: 1)
Extreme price: 0.000000000016785863505268595 (sqrt: 10264822109461296057129659679, raw: 0.016785863505268596, adjustment: 0.000000001)
Extreme price: 51333664010.54194 (sqrt: 17950672172493419288438595690487800, raw: 51333664010.54194, adjustment: 1)
Extreme price: 0.0000000000000000009707347628781914 (sqrt: 78060238692069551311, raw: 0.0000000000000000009707347628781914, adjustment: 1)
Extreme price: 0.000000000002548567649505827 (sqrt: 126481692016921475686849, raw: 0.000000000002548567649505827, adjustment: 1)
Extreme price: 0.000000000002495515456615676 (sqrt: 125158317356085219767994, raw: 0.000000000002495515456615676, adjustment: 1)
Extreme price: 15894944523.675451 (sqrt: 9988702811348338349251557933560553, raw: 15894944523.675451, adjustment: 1)
Extreme price: 948519481170.3013 (sqrt: 77161864164250025280273438204029604, raw: 948519481170.3013, adjustment: 1)
Extreme price: 0.0000000000000000009752779935972169 (sqrt: 78242694138772662495, raw: 0.0000000000000000009752779935972169, adjustment: 1)
Extreme price: 0.000000000002456295395590172 (sqrt: 124170914832264087249980, raw: 0.000000000002456295395590172, adjustment: 1)
Extreme price: 0.000000000016818776993601898 (sqrt: 10274880741576519726285038862, raw: 0.016818776993601896, adjustment: 0.000000001)
Extreme price: 0.0000000000006470220090073347 (sqrt: 2015297242486407486451455054, raw: 0.0006470220090073347, adjustment: 0.000000001)
Extreme price: 864922124055.1569 (sqrt: 73683133523764845658783519233583691, raw: 864922124055.1569, adjustment: 1)
Extreme price: 872985753509.6818 (sqrt: 74025808933935144694295531498326926, raw: 872985753509.6818, adjustment: 1)
Extreme price: 0.000000000019304318253751135 (sqrt: 348102240169577223577115, raw: 0.000000000019304318253751135, adjustment: 1)
Extreme price: 0.00000000001745833661422822 (sqrt: 10468417027332107352531023038, raw: 0.01745833661422822, adjustment: 0.000000001)
Extreme price: 0.0000000000000000009791735864600694 (sqrt: 78398802406754283881, raw: 0.0000000000000000009791735864600694, adjustment: 1)
Extreme price: 0.000000000008589528413164942 (sqrt: 7342843026269242783708471933, raw: 0.00858952841316494, adjustment: 0.000000001)
Extreme price: 0.000000000000000000969704666721147 (sqrt: 78018810848973315150, raw: 0.000000000000000000969704666721147, adjustment: 1)
Extreme price: 0.000000000006705936807613751 (sqrt: 205167852190506925599443, raw: 0.000000000006705936807613751, adjustment: 1)
Extreme price: 0.00000000001776645767401929 (sqrt: 10560391200010560863599042626, raw: 0.017766457674019288, adjustment: 0.000000001)
Extreme price: 0.000000000019331943137665886 (sqrt: 348351221926720338615143, raw: 0.000000000019331943137665886, adjustment: 1)
Extreme price: 0.0000000000000000000000000029389568101428185 (sqrt: 4295128740, raw: 0.0000000000000000000000000000000000000029389568101428185, adjustment: 1000000000000)
Extreme price: 0.000000000002955790025334893 (sqrt: 136212314779054756586551, raw: 0.000000000002955790025334893, adjustment: 1)
Extreme price: 943679008552.3768 (sqrt: 76964726610520143776792644828868822, raw: 943679008552.3768, adjustment: 1)
Extreme price: 0.0000000000178294288651512 (sqrt: 10579089699515452139401449586, raw: 0.0178294288651512, adjustment: 0.000000001)
Extreme price: 0.00000000001787736106712997 (sqrt: 10593300438419359844689890670, raw: 0.01787736106712997, adjustment: 0.000000001)
Extreme price: 0.000000000017595004153254606 (sqrt: 10509311637996578762211312354, raw: 0.017595004153254604, adjustment: 0.000000001)
Extreme price: 0.000000000017598372407038318 (sqrt: 10510317501208101129126850272, raw: 0.017598372407038317, adjustment: 0.000000001)
Extreme price: 0.000000000017632845449926556 (sqrt: 10520606673264576693046786853, raw: 0.017632845449926556, adjustment: 0.000000001)
Extreme price: 0.000000000017680938755808848 (sqrt: 10534944297306623823762761437, raw: 0.017680938755808846, adjustment: 0.000000001)
Extreme price: 0.00000000001744908728542462 (sqrt: 10465643605639001801845369945, raw: 0.01744908728542462, adjustment: 0.000000001)
Extreme price: 0.0000000000000000009583881290704838 (sqrt: 77562231712105403187, raw: 0.0000000000000000009583881290704838, adjustment: 1)
Extreme price: 15894629540.512344 (sqrt: 9988603839980762541576972805404792, raw: 15894629540.512344, adjustment: 1)
Extreme price: 0.000000000017495187439388947 (sqrt: 10479459501171975618890410815, raw: 0.017495187439388944, adjustment: 0.000000001)
Extreme price: 0.00000000001765811830400057 (sqrt: 10528143475927050196942734487, raw: 0.01765811830400057, adjustment: 0.000000001)
Extreme price: 0.000000000017493455213510874 (sqrt: 10478940694489987737187539718, raw: 0.017493455213510874, adjustment: 0.000000001)
Extreme price: 0.000000000017521240193933738 (sqrt: 10487259281026112565759337827, raw: 0.017521240193933738, adjustment: 0.000000001)
Extreme price: 0.00000000000835946087641021 (sqrt: 7243837820810981074369853876, raw: 0.00835946087641021, adjustment: 0.000000001)
Extreme price: 0.000000000017579351870041647 (sqrt: 10504636125559586680831034606, raw: 0.017579351870041646, adjustment: 0.000000001)
Extreme price: 0.000000000017398606706047924 (sqrt: 10450493976259866947555225791, raw: 0.017398606706047922, adjustment: 0.000000001)
Extreme price: 0.000000000002900880465678075 (sqrt: 134941179056865988226122, raw: 0.000000000002900880465678075, adjustment: 1)
Extreme price: 0.000000000017459844271365473 (sqrt: 10468869030385727771073131642, raw: 0.017459844271365474, adjustment: 0.000000001)
Extreme price: 0.0000000000028257766575740237 (sqrt: 133182910168959282232042, raw: 0.0000000000028257766575740237, adjustment: 1)
Extreme price: 0.00000000001720497504516226 (sqrt: 10392178727931528234413356476, raw: 0.01720497504516226, adjustment: 0.000000001)
Extreme price: 0.00000000001714926961015427 (sqrt: 10375341441635230860042897838, raw: 0.01714926961015427, adjustment: 0.000000001)
Extreme price: 0.000000000022108362297334165 (sqrt: 372527098803769942280396, raw: 0.000000000022108362297334165, adjustment: 1)
Extreme price: 0.00000000000009402480738816772 (sqrt: 24294099728651522151282, raw: 0.00000000000009402480738816772, adjustment: 1)
Extreme price: 0.0000000000000000009585720874913102 (sqrt: 77569675220958194548, raw: 0.0000000000000000009585720874913102, adjustment: 1)
Extreme price: 0.00000000000835946087641021 (sqrt: 7243837820810981074369853876, raw: 0.00835946087641021, adjustment: 0.000000001)
Extreme price: 937451294945.5052 (sqrt: 76710345784274249196270611896860418, raw: 937451294945.5052, adjustment: 1)
Extreme price: 0.0000000000027723509951904942 (sqrt: 131917888260126577925505, raw: 0.0000000000027723509951904942, adjustment: 1)
Extreme price: 918137579250.41 (sqrt: 75916025923624817242694402621575016, raw: 918137579250.41, adjustment: 1)
Extreme price: 15893278343.235998 (sqrt: 9988179266979054254809582620734357, raw: 15893278343.235998, adjustment: 1)
Extreme price: 0.0000000000029021888318537406 (sqrt: 134971606469097632203026, raw: 0.0000000000029021888318537406, adjustment: 1)
Extreme price: 0.000000000017223366045174877 (sqrt: 10397731526220864332006141164, raw: 0.017223366045174875, adjustment: 0.000000001)
Extreme price: 0.000000000017249457111229092 (sqrt: 10405604123133564817849613382, raw: 0.01724945711122909, adjustment: 0.000000001)
Extreme price: 0.0000000000029038573168276157 (sqrt: 135010398869027630410340, raw: 0.0000000000029038573168276157, adjustment: 1)
Extreme price: 0.0000000000012442940609173972 (sqrt: 88377374984302027001041, raw: 0.0000000000012442940609173972, adjustment: 1)
Extreme price: 0.000000000018208921192071153 (sqrt: 10691082770901603762670908037, raw: 0.01820892119207115, adjustment: 0.000000001)
Extreme price: 0.00000000001821258494102139 (sqrt: 10692158273200162886220688272, raw: 0.01821258494102139, adjustment: 0.000000001)
Extreme price: 0.000000000018265578344457 (sqrt: 10707702532468503740079218476, raw: 0.018265578344457, adjustment: 0.000000001)
Extreme price: 0.00000000001779242288046059 (sqrt: 10568105248324925714350134020, raw: 0.01779242288046059, adjustment: 0.000000001)
Extreme price: 0.00000000001759735483837384 (sqrt: 10510013634347561170407260416, raw: 0.017597354838373838, adjustment: 0.000000001)
Extreme price: 0.000000000008460484355649882 (sqrt: 7287477000379606046904814031, raw: 0.008460484355649882, adjustment: 0.000000001)
Extreme price: 914990729598.5648 (sqrt: 75785815932969124994031334650980940, raw: 914990729598.5648, adjustment: 1)
Extreme price: 0.000000000008680627047444805 (sqrt: 7381678610164515836316789655, raw: 0.008680627047444805, adjustment: 0.000000001)
Extreme price: 0.0000000000000000000000000029389568101428185 (sqrt: 4295128740, raw: 0.0000000000000000000000000000000000000029389568101428185, adjustment: 1000000000000)
Extreme price: 0.0000000000028326856514986017 (sqrt: 133345626170590325592578, raw: 0.0000000000028326856514986017, adjustment: 1)
Extreme price: 0.00000000001738197314461256 (sqrt: 10445497297424003287004897633, raw: 0.017381973144612557, adjustment: 0.000000001)
Extreme price: 15912179995.128666 (sqrt: 9994116902518570351253500913292432, raw: 15912179995.128666, adjustment: 1)
Extreme price: 0.00000000000870060030065221 (sqrt: 7390165982312566839820261288, raw: 0.008700600300652209, adjustment: 0.000000001)
Extreme price: 0.0000000000010793372087687812 (sqrt: 82311053123076574338878, raw: 0.0000000000010793372087687812, adjustment: 1)
Extreme price: 0.0000000000000000010629310273051694 (sqrt: 81683083904157451124, raw: 0.0000000000000000010629310273051694, adjustment: 1)
Extreme price: 0.000000000016662231006224236 (sqrt: 10226950628832814664682318527, raw: 0.016662231006224236, adjustment: 0.000000001)
Extreme price: 0.00000000000870267386102668 (sqrt: 7391046556175578052125653708, raw: 0.00870267386102668, adjustment: 0.000000001)
Extreme price: 0.000000000016695658209389585 (sqrt: 10237203969814328973146202241, raw: 0.016695658209389584, adjustment: 0.000000001)
Extreme price: 0.0000000000023640107043437537 (sqrt: 121815991128869715312640, raw: 0.0000000000023640107043437537, adjustment: 1)
Extreme price: 0.000000000004911056782810005 (sqrt: 175576772535433101400987, raw: 0.000000000004911056782810005, adjustment: 1)
Extreme price: 929130311010.4226 (sqrt: 76369139628804843830978235184831818, raw: 929130311010.4226, adjustment: 1)
Extreme price: 0.000000000008966836005652804 (sqrt: 7502382411741685353849462308, raw: 0.008966836005652803, adjustment: 0.000000001)
Extreme price: 0.000000000002893669790841048 (sqrt: 134773364081054073259651, raw: 0.000000000002893669790841048, adjustment: 1)
Extreme price: 0.0000000000029398341185891677 (sqrt: 135844167513901884009955, raw: 0.0000000000029398341185891677, adjustment: 1)
Extreme price: 0.0000000000030019548532417064 (sqrt: 137271905424365631677028, raw: 0.0000000000030019548532417064, adjustment: 1)
Extreme price: 0.00000000001666356911387021 (sqrt: 10227361272704243553449324470, raw: 0.016663569113870208, adjustment: 0.000000001)
Extreme price: 917373974106.7251 (sqrt: 75884450086061108509090944177639532, raw: 917373974106.7251, adjustment: 1)
Extreme price: 0.000000000009068951255257834 (sqrt: 7544980428239437916060150255, raw: 0.009068951255257834, adjustment: 0.000000001)
Extreme price: 0.0000000000030932647995621384 (sqrt: 139343955166135691079678, raw: 0.0000000000030932647995621384, adjustment: 1)
Extreme price: 0.0000000000030647250709285835 (sqrt: 138699643334829379344101, raw: 0.0000000000030647250709285835, adjustment: 1)
Extreme price: 0.0000000000030511528663979154 (sqrt: 138392185301759000251698, raw: 0.0000000000030511528663979154, adjustment: 1)
Extreme price: 0.0000000000031281447716497993 (sqrt: 140127381245293127011174, raw: 0.0000000000031281447716497993, adjustment: 1)
Extreme price: 0.0000000000031922139554053535 (sqrt: 141555119155756874678247, raw: 0.0000000000031922139554053535, adjustment: 1)
Extreme price: 30003593435129120 (sqrt: 13723542123645971621547778592573412380, raw: 30003593435129120, adjustment: 1)
Extreme price: 0.0000000000000000010393023454186275 (sqrt: 80770084536409355727, raw: 0.0000000000000000010393023454186275, adjustment: 1)
Extreme price: 30003845070756170 (sqrt: 13723599672167526377544692605952074034, raw: 30003845070756170, adjustment: 1)
Extreme price: 0.000000000016716808098313066 (sqrt: 10243686110187439390426490293, raw: 0.016716808098313066, adjustment: 0.000000001)
Extreme price: 0.000000000009079473402947901 (sqrt: 7549356148311025268453040725, raw: 0.0090794734029479, adjustment: 0.000000001)
Extreme price: 0.0000000000000000010404284252433402 (sqrt: 80813829717694991091, raw: 0.0000000000000000010404284252433402, adjustment: 1)
Extreme price: 0.000000000016729759765027673 (sqrt: 10247653587707651758049841276, raw: 0.016729759765027673, adjustment: 0.000000001)
Extreme price: 0.0000000000031860973575557262 (sqrt: 141419437321126285650603, raw: 0.0000000000031860973575557262, adjustment: 1)
Extreme price: 0.0000000000008545745841332717 (sqrt: 73241051365203046106739, raw: 0.0000000000008545745841332717, adjustment: 1)
Extreme price: 0.0000000000008529643724154853 (sqrt: 73172017481495304135703, raw: 0.0000000000008529643724154853, adjustment: 1)
Extreme price: 51995690285.08202 (sqrt: 18066052078999351240735997004230121, raw: 51995690285.08202, adjustment: 1)
Extreme price: 0.0000000000032344077269851774 (sqrt: 142487565618922503584885, raw: 0.0000000000032344077269851774, adjustment: 1)
Extreme price: 0.0000000000032209726816541632 (sqrt: 142191326070349450598838, raw: 0.0000000000032209726816541632, adjustment: 1)
Extreme price: 901562409598.9177 (sqrt: 75227647616104312133994956446323375, raw: 901562409598.9177, adjustment: 1)
Extreme price: 0.000000000003149181756676111 (sqrt: 140597774768591887346478, raw: 0.000000000003149181756676111, adjustment: 1)
Extreme price: 0.000000000022114358726262565 (sqrt: 372577615454265228590709, raw: 0.000000000022114358726262565, adjustment: 1)
Extreme price: 15910327053.455475 (sqrt: 9993534988071788972208109725313521, raw: 15910327053.455475, adjustment: 1)
Extreme price: 0.0000000000031091082442167955 (sqrt: 139700353454378501974159, raw: 0.0000000000031091082442167955, adjustment: 1)
Extreme price: 0.0000000000032457105827735205 (sqrt: 142736314691428759702762, raw: 0.0000000000032457105827735205, adjustment: 1)
Extreme price: 0.0000000000032864500576185665 (sqrt: 143629319290802037416262, raw: 0.0000000000032864500576185665, adjustment: 1)
Extreme price: 0.000000000009606127809393717 (sqrt: 7765219993193467189029704241, raw: 0.009606127809393716, adjustment: 0.000000001)
Extreme price: 883821027653.8699 (sqrt: 74483786869743316126431180201850543, raw: 883821027653.8699, adjustment: 1)
Extreme price: 0.000000000003039608623117084 (sqrt: 138130129092332960967190, raw: 0.000000000003039608623117084, adjustment: 1)
Extreme price: 0.0000000000032699210993743527 (sqrt: 143267677469345022162935, raw: 0.0000000000032699210993743527, adjustment: 1)
Extreme price: 0.0000000000029692311171850748 (sqrt: 136521667871611368056214, raw: 0.0000000000029692311171850748, adjustment: 1)
Extreme price: 0.0000000000167934018046404 (sqrt: 10267126745635998879483819594, raw: 0.0167934018046404, adjustment: 0.000000001)
Extreme price: 147362218294.92493 (sqrt: 30413938189414145199457134493370762, raw: 147362218294.92493, adjustment: 1)
Extreme price: 144094454222.87555 (sqrt: 30074832479367339133035004019866680, raw: 144094454222.87555, adjustment: 1)
Extreme price: 900378068846.1321 (sqrt: 75178219840976314741844157027863493, raw: 900378068846.1321, adjustment: 1)
Extreme price: 15907969172.88684 (sqrt: 9992794449082088275233707506469199, raw: 15907969172.88684, adjustment: 1)
Extreme price: 0.0000000000002295873923396797 (sqrt: 1200476329995017522183355137, raw: 0.00022958739233967972, adjustment: 0.000000001)
Extreme price: 0.000000000015940004195877908 (sqrt: 10002850993592586522550519090, raw: 0.01594000419587791, adjustment: 0.000000001)
Extreme price: 0.000000000015933003172721427 (sqrt: 10000654071880056357265773132, raw: 0.015933003172721425, adjustment: 0.000000001)
Extreme price: 0.000000000016339325563472784 (sqrt: 10127369295603027179089118482, raw: 0.016339325563472784, adjustment: 0.000000001)
Extreme price: 0.000000000016650213056561107 (sqrt: 10223261772638795087720745446, raw: 0.016650213056561107, adjustment: 0.000000001)
Extreme price: 0.00000000000005924922089401705 (sqrt: 609847019582897659985443111, raw: 0.00005924922089401704, adjustment: 0.000000001)
Extreme price: 0.000000000016689553276620916 (sqrt: 10235332131177063490707200466, raw: 0.016689553276620916, adjustment: 0.000000001)
Extreme price: 0.000000000016742198967103187 (sqrt: 10251462636648122919901241163, raw: 0.016742198967103186, adjustment: 0.000000001)
Extreme price: 0.000000000002999858657491749 (sqrt: 137223970154110520304197, raw: 0.000000000002999858657491749, adjustment: 1)
Extreme price: 0.0000000000006472495478130834 (sqrt: 2015651572024726508695686246, raw: 0.0006472495478130834, adjustment: 0.000000001)
Extreme price: 0.000000000017110779265325497 (sqrt: 10363691534399947139313890196, raw: 0.017110779265325497, adjustment: 0.000000001)
Extreme price: 0.0000000000006472588431539059 (sqrt: 2015666045654824654764329427, raw: 0.0006472588431539058, adjustment: 0.000000001)
Extreme price: 0.0000000000006472779306976765 (sqrt: 2015695766245463039370585812, raw: 0.0006472779306976764, adjustment: 0.000000001)
Extreme price: 0.000000000003126004964051268 (sqrt: 140079445975038015638343, raw: 0.000000000003126004964051268, adjustment: 1)
Extreme price: 0.000000000022117807041074814 (sqrt: 372606662528300018219139, raw: 0.000000000022117807041074814, adjustment: 1)
Extreme price: 15723756860.174969 (sqrt: 9934768315054081917025978862095708, raw: 15723756860.174969, adjustment: 1)
Extreme price: 0.0000000000031900523418825356 (sqrt: 141507183885501763305416, raw: 0.0000000000031900523418825356, adjustment: 1)
Extreme price: 0.0000000000000000010423779416567891 (sqrt: 80889507270737091995, raw: 0.0000000000000000010423779416567891, adjustment: 1)
Extreme price: 0.0000000000000000000000000000000000000029389568101428185 (sqrt: 4295128740, raw: 0.0000000000000000000000000000000000000029389568101428185, adjustment: 1)
Extreme price: 0.00000000000005356219395776936 (sqrt: 579840789047676471093853469, raw: 0.000053562193957769353, adjustment: 0.000000001)
Extreme price: 0.0000000000100883709846036 (sqrt: 251646043113496803631953, raw: 0.0000000000100883709846036, adjustment: 1)
Extreme price: 0.000000000016904361131947617 (sqrt: 10300989981402348363829401223, raw: 0.016904361131947616, adjustment: 0.000000001)
Extreme price: 0.0000000000032205448202779844 (sqrt: 142181881687708444706654, raw: 0.0000000000032205448202779844, adjustment: 1)
Extreme price: 0.000000000009956115396535648 (sqrt: 7905412654207492749102371606, raw: 0.009956115396535648, adjustment: 0.000000001)
Extreme price: 0.0000000000000000010501912999807712 (sqrt: 81192103258859431994, raw: 0.0000000000000000010501912999807712, adjustment: 1)
Extreme price: 0.00000000002211900651793722 (sqrt: 372616765858399075481201, raw: 0.00000000002211900651793722, adjustment: 1)
Extreme price: 0.00000000000324166771075276 (sqrt: 142647390486868423225555, raw: 0.00000000000324166771075276, adjustment: 1)
Extreme price: 0.000000000010094984392439486 (sqrt: 251728512585450594194573, raw: 0.000000000010094984392439486, adjustment: 1)
Extreme price: 34962064228096.84 (sqrt: 468466043634847954867481864287869956, raw: 34962064228096.84, adjustment: 1)
Extreme price: 0.000000000003269471420961873 (sqrt: 143257826070050815421415, raw: 0.000000000003269471420961873, adjustment: 1)
Extreme price: 0.000000000003341619098354665 (sqrt: 144829841680792229864487, raw: 0.000000000003341619098354665, adjustment: 1)
Extreme price: 0.000000000003109471632878094 (sqrt: 139708517216649108446723, raw: 0.000000000003109471632878094, adjustment: 1)
Extreme price: 0.0000000000006473710336087056 (sqrt: 2015840727464418156762341113, raw: 0.0006473710336087055, adjustment: 0.000000001)
Extreme price: 0.000000000003020421308637164 (sqrt: 137693470571575231059011, raw: 0.000000000003020421308637164, adjustment: 1)
Extreme price: 0.0000000000033647861113762073 (sqrt: 145331017814245670051297, raw: 0.0000000000033647861113762073, adjustment: 1)
Extreme price: 0.00000000001882947926358741 (sqrt: 343794352719604806833758, raw: 0.00000000001882947926358741, adjustment: 1)
Extreme price: 0.000000000002983497882471693 (sqrt: 136849259170758953483716, raw: 0.000000000002983497882471693, adjustment: 1)
Extreme price: 0.0000000000033845616848767074 (sqrt: 145757463018751969378833, raw: 0.0000000000033845616848767074, adjustment: 1)
Extreme price: 0.0000000000034129673393824347 (sqrt: 146367835294696988509416, raw: 0.0000000000034129673393824347, adjustment: 1)
Extreme price: 0.000000000010098557703250038 (sqrt: 251773060679599629913953, raw: 0.000000000010098557703250038, adjustment: 1)
Extreme price: 0.0000000000000000008775334788395675 (sqrt: 74218373216365775228, raw: 0.0000000000000000008775334788395675, adjustment: 1)
Extreme price: 0.0000000000000000008780259968602747 (sqrt: 74239197925396871549, raw: 0.0000000000000000008780259968602747, adjustment: 1)
Extreme price: 0.0000000000035080221485436143 (sqrt: 148392088456218014546109, raw: 0.0000000000035080221485436143, adjustment: 1)
Extreme price: 0.0000000000034834327987013687 (sqrt: 147871099494902118471263, raw: 0.0000000000034834327987013687, adjustment: 1)
Extreme price: 925064267260.4436 (sqrt: 76201853765933671894797423070441284, raw: 925064267260.4436, adjustment: 1)
Extreme price: 0.0000000000034210188957804904 (sqrt: 146540382309772703878020, raw: 0.0000000000034210188957804904, adjustment: 1)
Extreme price: 0.0000000000036088106234293724 (sqrt: 150508708807864012400539, raw: 0.0000000000036088106234293724, adjustment: 1)
Extreme price: 0.000000000003499556068858207 (sqrt: 148212919385972685088526, raw: 0.000000000003499556068858207, adjustment: 1)
Extreme price: 0.0000000000030396213324443903 (sqrt: 138130417869508586354378, raw: 0.0000000000030396213324443903, adjustment: 1)
Extreme price: 0.000000000003461341933179634 (sqrt: 147401477114473209357706, raw: 0.000000000003461341933179634, adjustment: 1)
Extreme price: 0.00000000001706419119999639 (sqrt: 10349573140688821302781019445, raw: 0.01706419119999639, adjustment: 0.000000001)
Extreme price: 0.000000000017102187918844965 (sqrt: 10361089395632624971508261820, raw: 0.017102187918844963, adjustment: 0.000000001)
Extreme price: 0.0000000000100981955649158 (sqrt: 251768546297600609174739, raw: 0.0000000000100981955649158, adjustment: 1)
Extreme price: 0.000000000017200872140213756 (sqrt: 10390939532183803751918881899, raw: 0.017200872140213756, adjustment: 0.000000001)
Extreme price: 51302853608.95912 (sqrt: 17945284378328646092160495479566051, raw: 51302853608.95912, adjustment: 1)
Extreme price: 0.00000000000004934994416312441 (sqrt: 556574002400025885293313918, raw: 0.000049349944163124404, adjustment: 0.000000001)
Extreme price: 0.000000000000000000933844568158831 (sqrt: 76562636836587753497, raw: 0.000000000000000000933844568158831, adjustment: 1)
Extreme price: 0.0000000000034385111682007316 (sqrt: 146914548023874402770383, raw: 0.0000000000034385111682007316, adjustment: 1)
Extreme price: 0.0000000000033128064727222934 (sqrt: 144204102781180727497083, raw: 0.0000000000033128064727222934, adjustment: 1)
Extreme price: 0.000000000003296849148393744 (sqrt: 143856378067468638042633, raw: 0.000000000003296849148393744, adjustment: 1)
Extreme price: 0.00000000001772091872723707 (sqrt: 10546848329969770623827259240, raw: 0.017720918727237068, adjustment: 0.000000001)
Extreme price: 0.0000000000029112249591652216 (sqrt: 135181563991829270248594, raw: 0.0000000000029112249591652216, adjustment: 1)
Extreme price: 0.0000000000032808257821711917 (sqrt: 143506366446817090505235, raw: 0.0000000000032808257821711917, adjustment: 1)
Extreme price: 0.0000000000032577610794484956 (sqrt: 143001040993698155613914, raw: 0.0000000000032577610794484956, adjustment: 1)
Extreme price: 0.0000000000000000009525610463311803 (sqrt: 77326079669068996123, raw: 0.0000000000000000009525610463311803, adjustment: 1)
Extreme price: 0.000000000010082500014319591 (sqrt: 251572809216182451750073, raw: 0.000000000010082500014319591, adjustment: 1)
Extreme price: 0.0000000000016069082581154614 (sqrt: 100432696944888178825661, raw: 0.0000000000016069082581154614, adjustment: 1)
Extreme price: 0.0000000000016059179261957206 (sqrt: 100401744015787581267752, raw: 0.0000000000016059179261957206, adjustment: 1)
Extreme price: 0.0000000000016051757779340696 (sqrt: 100378541836742252525121, raw: 0.0000000000016051757779340696, adjustment: 1)
Extreme price: 970605716644.516 (sqrt: 78055049986054864953878066438493304, raw: 970605716644.516, adjustment: 1)
Extreme price: 0.0000000000016040635197775186 (sqrt: 100343758668219773493946, raw: 0.0000000000016040635197775186, adjustment: 1)
Extreme price: 0.0000000000000000009220982626175326 (sqrt: 76079593876896829431, raw: 0.0000000000000000009220982626175326, adjustment: 1)
Extreme price: 0.0000000000000000009353260788872387 (sqrt: 76623344699481145446, raw: 0.0000000000000000009353260788872387, adjustment: 1)
Extreme price: 15723219522.956573 (sqrt: 9934598560254785023410625863005650, raw: 15723219522.956573, adjustment: 1)
Extreme price: 0.00000000001921378676185022 (sqrt: 347285033115681000957863, raw: 0.00000000001921378676185022, adjustment: 1)
Extreme price: 0.000000000003244895215083738 (sqrt: 142718384890490089698326, raw: 0.000000000003244895215083738, adjustment: 1)
Extreme price: 0.00000000000024791530648814596 (sqrt: 1247473286521864441568833689, raw: 0.0002479153064881459, adjustment: 0.000000001)
Extreme price: 0.0000000000177800162611532 (sqrt: 10564420046935284713269048700, raw: 0.0177800162611532, adjustment: 0.000000001)
Extreme price: 938371089353.9486 (sqrt: 76747969311378920825890613378176438, raw: 938371089353.9486, adjustment: 1)
Extreme price: 0.00000000001008942819505309 (sqrt: 251659228386775172067853, raw: 0.00000000001008942819505309, adjustment: 1)
Extreme price: 923823969852.2153 (sqrt: 76150752093141887843183253082348008, raw: 923823969852.2153, adjustment: 1)
Extreme price: 0.0000000000000000000000000029389568101428185 (sqrt: 4295128740, raw: 0.0000000000000000000000000000000000000029389568101428185, adjustment: 1000000000000)
Extreme price: 0.0000000000008553327627468012 (sqrt: 73273533894381193297354, raw: 0.0000000000008553327627468012, adjustment: 1)
Extreme price: 0.0000000000002605177682107271 (sqrt: 1278787134332614412704595631, raw: 0.0002605177682107271, adjustment: 0.000000001)
Extreme price: 0.0000000000032323675249641106 (sqrt: 142442619325677138081115, raw: 0.0000000000032323675249641106, adjustment: 1)
Extreme price: 0.0000000000008577044366260088 (sqrt: 73375050307267082459005, raw: 0.0000000000008577044366260088, adjustment: 1)
Extreme price: 0.000000000017712687790378335 (sqrt: 10544398667887434882664161626, raw: 0.017712687790378333, adjustment: 0.000000001)
Extreme price: 0.00000000000005304068015038255 (sqrt: 577011044450672673823189926, raw: 0.00005304068015038255, adjustment: 0.000000001)
Extreme price: 0.0000000000000000009541159706822927 (sqrt: 77389166007458480857, raw: 0.0000000000000000009541159706822927, adjustment: 1)
Extreme price: 0.0000000000032085556890834213 (sqrt: 141916984480471371800223, raw: 0.0000000000032085556890834213, adjustment: 1)
Extreme price: 15722708171.14977 (sqrt: 9934437012035588091322218761131628, raw: 15722708171.14977, adjustment: 1)
Extreme price: 0.0000000000031771706815586382 (sqrt: 141221186791612147326273, raw: 0.0000000000031771706815586382, adjustment: 1)
Extreme price: 0.00000000000005769332563067927 (sqrt: 601786402668393318174402031, raw: 0.00005769332563067926, adjustment: 0.000000001)
Extreme price: 940125367755.4816 (sqrt: 76819675718001927863322026454979742, raw: 940125367755.4816, adjustment: 1)
Extreme price: 0.000000000002957528555602674 (sqrt: 136252367424677080998898, raw: 0.000000000002957528555602674, adjustment: 1)
Extreme price: 0.0000000000002900379878983159 (sqrt: 1349295355793007765088980621, raw: 0.0002900379878983159, adjustment: 0.000000001)
Extreme price: 119806761058.77068 (sqrt: 27423333636760259760858293029081807, raw: 119806761058.77068, adjustment: 1)
Extreme price: 116988100516.9289 (sqrt: 27098823014559246442835635255472040, raw: 116988100516.9289, adjustment: 1)
Extreme price: 0.0000000000176664441220439 (sqrt: 10530625197802530790865375155, raw: 0.0176664441220439, adjustment: 0.000000001)
Extreme price: 111641199364.6743 (sqrt: 26472309424616651190224468505633348, raw: 111641199364.6743, adjustment: 1)
Extreme price: 0.000000000017698346527696766 (sqrt: 10540129112230086530058436559, raw: 0.017698346527696765, adjustment: 0.000000001)
Extreme price: 106652660987.36688 (sqrt: 25874110677807035172249970691724452, raw: 106652660987.36688, adjustment: 1)
Extreme price: 0.00000000000030315242254404246 (sqrt: 1379463155592741955057514233, raw: 0.00030315242254404245, adjustment: 0.000000001)
Extreme price: 0.0000000000003184382580004153 (sqrt: 1413813757857773364293090948, raw: 0.0003184382580004153, adjustment: 0.000000001)
Extreme price: 161441515753.9076 (sqrt: 31833705701697838461208243109018864, raw: 161441515753.9076, adjustment: 1)
Extreme price: 0.0000000000030198349818409886 (sqrt: 137680105335140828665971, raw: 0.0000000000030198349818409886, adjustment: 1)
Extreme price: 0.00000000002210652811151287 (sqrt: 372511645418169251608227, raw: 0.00000000002210652811151287, adjustment: 1)
Extreme price: 0.000000000003026984360924155 (sqrt: 137842985983855403912618, raw: 0.000000000003026984360924155, adjustment: 1)
Extreme price: 0.00000000001768839376661879 (sqrt: 10537165046094976666063071250, raw: 0.01768839376661879, adjustment: 0.000000001)
Extreme price: 0.0000000000008172860369659766 (sqrt: 2264991744123239582568840231, raw: 0.0008172860369659766, adjustment: 0.000000001)
Extreme price: 0.00000000000005413239693756459 (sqrt: 582919001883990158787515154, raw: 0.00005413239693756459, adjustment: 0.000000001)
Extreme price: 0.000000000010073561679134127 (sqrt: 251461272361406746352752, raw: 0.000000000010073561679134127, adjustment: 1)
Extreme price: 15722148274.34632 (sqrt: 9934260124282330710047261768374285, raw: 15722148274.34632, adjustment: 1)
Extreme price: 0.000000000001605120878286279 (sqrt: 100376825266573327997146, raw: 0.000000000001605120878286279, adjustment: 1)
Extreme price: 51770661696.10522 (sqrt: 18026916274691543133675394714232877, raw: 51770661696.10522, adjustment: 1)
Extreme price: 0.0000000000000000009540706700959646 (sqrt: 77387328800914905132, raw: 0.0000000000000000009540706700959646, adjustment: 1)
Extreme price: 0.00000000001772010462449455 (sqrt: 10546606064969350363936196472, raw: 0.01772010462449455, adjustment: 0.000000001)
Extreme price: 0.000000000009354275722618136 (sqrt: 7662750183304411345526332875, raw: 0.009354275722618136, adjustment: 0.000000001)
Extreme price: 911998199699.0027 (sqrt: 75661783497351810757335026688154235, raw: 911998199699.0027, adjustment: 1)
Extreme price: 156189243129.62958 (sqrt: 31311591609142610409992686220963561, raw: 156189243129.62958, adjustment: 1)
Extreme price: 149307921591.65317 (sqrt: 30614065619089935976119425664309501, raw: 149307921591.65317, adjustment: 1)
Extreme price: 137150264817.50844 (sqrt: 29341202519575184677806047406460050, raw: 137150264817.50844, adjustment: 1)
Extreme price: 15721544013.921932 (sqrt: 9934069217231549066815256285726598, raw: 15721544013.921932, adjustment: 1)
Extreme price: 0.0000000000000000009586095903115698 (sqrt: 77571192609776665051, raw: 0.0000000000000000009586095903115698, adjustment: 1)
Extreme price: 0.000000000000301384639605274 (sqrt: 1375435219952271865948494930, raw: 0.000301384639605274, adjustment: 0.000000001)
Extreme price: 126419272308.52841 (sqrt: 28169959772676017361245337723159376, raw: 126419272308.52841, adjustment: 1)
Extreme price: 0.000000000017891713142531678 (sqrt: 10597551774632963594018187765, raw: 0.017891713142531677, adjustment: 0.000000001)
Extreme price: 911880129338.6089 (sqrt: 75656885624085883382299036614227077, raw: 911880129338.6089, adjustment: 1)
Extreme price: 0.0000000000000000009531023260515968 (sqrt: 77348046289867982091, raw: 0.0000000000000000009531023260515968, adjustment: 1)
Extreme price: 0.000000000008828619768223353 (sqrt: 7444336402137128118930033390, raw: 0.008828619768223352, adjustment: 0.000000001)
Extreme price: 15702386161.093449 (sqrt: 9928014676737313243941015515698630, raw: 15702386161.093449, adjustment: 1)
Extreme price: 0.0000000000000000010008573668788792 (sqrt: 79262119038730957312, raw: 0.0000000000000000010008573668788792, adjustment: 1)
Extreme price: 0.000000000002997011061146708 (sqrt: 137158825209670998983348, raw: 0.000000000002997011061146708, adjustment: 1)
Extreme price: 0.000000000011489717112479052 (sqrt: 268555624081575163944498744355, raw: 11.489717112479052, adjustment: 0.000000000001)
Extreme price: 0.000000000022111239173113647 (sqrt: 372551335771463376718509, raw: 0.000000000022111239173113647, adjustment: 1)
Extreme price: 429360131786.40015 (sqrt: 51914711097551783207923129841052549, raw: 429360131786.40015, adjustment: 1)
Extreme price: 0.000000000009342666283165895 (sqrt: 7657993649723097029609476380, raw: 0.009342666283165895, adjustment: 0.000000001)
Extreme price: 0.0000000000000000000000000000000000000029389568101428185 (sqrt: 4295128740, raw: 0.0000000000000000000000000000000000000029389568101428185, adjustment: 1)
Extreme price: 925708150421.9703 (sqrt: 76228368980815429389556695310712746, raw: 925708150421.9703, adjustment: 1)
Extreme price: 0.000000000000698978489388343 (sqrt: 2094650111292463162057182240, raw: 0.000698978489388343, adjustment: 0.000000001)
Extreme price: 0.000000000000286200249068926 (sqrt: 1340338793029081674914886454, raw: 0.000286200249068926, adjustment: 0.000000001)
Extreme price: 0.00000000000030218350672164793 (sqrt: 1377256916645434305997747348, raw: 0.0003021835067216479, adjustment: 0.000000001)
Extreme price: 15707533724.6954 (sqrt: 9929641846609086762432539932274137, raw: 15707533724.6954, adjustment: 1)
Extreme price: 0.000000000024723516704562002 (sqrt: 12457609305603853823459261509, raw: 0.024723516704562, adjustment: 0.000000001)
Extreme price: 934298497856.5886 (sqrt: 76581242626799692242935120209921049, raw: 934298497856.5886, adjustment: 1)
Extreme price: 0.000000000022579860376894582 (sqrt: 11905296332162167170136518653, raw: 0.02257986037689458, adjustment: 0.000000001)
Extreme price: 0.00000000002136907817441504 (sqrt: 11581704438131474710988328199, raw: 0.021369078174415038, adjustment: 0.000000001)
Extreme price: 785547933857.577 (sqrt: 70220825250397184867588526797650584, raw: 785547933857.577, adjustment: 1)
Extreme price: 0.000000000021646693547425523 (sqrt: 11656693254603914150444886558, raw: 0.021646693547425523, adjustment: 0.000000001)
Extreme price: 0.000000000022156847882591005 (sqrt: 11793251811714641181646591173, raw: 0.022156847882591004, adjustment: 0.000000001)
Extreme price: 15572881050.046373 (sqrt: 9886989363007145565284260889077764, raw: 15572881050.046373, adjustment: 1)
Extreme price: 848056158987.0616 (sqrt: 72961186854950816577699473581070015, raw: 848056158987.0616, adjustment: 1)
Extreme price: 0.000000000011434947433987461 (sqrt: 267914778207433307592077233725, raw: 11.434947433987462, adjustment: 0.000000000001)
Extreme price: 0.000000000022394442663545904 (sqrt: 11856314558342382900856341808, raw: 0.022394442663545903, adjustment: 0.000000001)
Extreme price: 0.00000000002250963727748032 (sqrt: 11886769250616267926230806748, raw: 0.02250963727748032, adjustment: 0.000000001)
Extreme price: 0.00000000002274325519900805 (sqrt: 11948293881472601310825685416, raw: 0.02274325519900805, adjustment: 0.000000001)
Extreme price: 0.000000000022811309995008608 (sqrt: 11966157008668741267750277261, raw: 0.022811309995008605, adjustment: 0.000000001)
Extreme price: 0.000000000022570091023094815 (sqrt: 11902720593582956540626187202, raw: 0.022570091023094815, adjustment: 0.000000001)
Extreme price: 0.000000000022260788992586994 (sqrt: 11820881406073090272935654399, raw: 0.022260788992586992, adjustment: 0.000000001)
Extreme price: 0.00000000000970195095926629 (sqrt: 246779523467906281434676, raw: 0.00000000000970195095926629, adjustment: 1)
Extreme price: 0.00000000002240585161377681 (sqrt: 11859334300358298638307453566, raw: 0.022405851613776808, adjustment: 0.000000001)
Extreme price: 0.00000000002249706273022186 (sqrt: 11883448636863738612837668809, raw: 0.022497062730221857, adjustment: 0.000000001)
Extreme price: 0.0000000000000000008643986754821664 (sqrt: 73660833730925515134, raw: 0.0000000000000000008643986754821664, adjustment: 1)
Extreme price: 0.000000000022607114216719425 (sqrt: 11912478998170548347302613074, raw: 0.022607114216719425, adjustment: 0.000000001)
Extreme price: 15572421098.074451 (sqrt: 9886843353613695343766430948066430, raw: 15572421098.074451, adjustment: 1)
Extreme price: 0.000000000022607816111450706 (sqrt: 11912663923173951946631187673, raw: 0.022607816111450706, adjustment: 0.000000001)
Extreme price: 752131297139.858 (sqrt: 68711022918562621525479077632947129, raw: 752131297139.858, adjustment: 1)
Extreme price: 0.000000000008995494822197607 (sqrt: 7514361992816056236652900157, raw: 0.008995494822197607, adjustment: 0.000000001)
Extreme price: 0.0000000000000000008665039289491089 (sqrt: 73750480107764916564, raw: 0.0000000000000000008665039289491089, adjustment: 1)
Extreme price: 126801717551.26083 (sqrt: 28212537661313474928696484283695084, raw: 126801717551.26083, adjustment: 1)
Extreme price: 125919068247.81203 (sqrt: 28114174393295185787626705360857036, raw: 125919068247.81203, adjustment: 1)
Extreme price: 56252532701.325806 (sqrt: 18791031654472517745402977550436717, raw: 56252532701.325806, adjustment: 1)
Extreme price: 0.000000000022644026587010796 (sqrt: 11922200240956683621243393866, raw: 0.022644026587010795, adjustment: 0.000000001)
Extreme price: 0.000000000022326253357787414 (sqrt: 11838250026792392668419417121, raw: 0.02232625335778741, adjustment: 0.000000001)
Extreme price: 0.000000000002174442947150333 (sqrt: 116829788996885057754818, raw: 0.000000000002174442947150333, adjustment: 1)
Extreme price: 0.00000000002239011650009419 (sqrt: 11855169300277884349183008754, raw: 0.02239011650009419, adjustment: 0.000000001)
Extreme price: 0.00000000000020234989730102955 (sqrt: 1127018585252084141044284755, raw: 0.00020234989730102954, adjustment: 0.000000001)
Extreme price: 0.000000000000048621907741805904 (sqrt: 17470107654616813293656, raw: 0.000000000000048621907741805904, adjustment: 1)
Extreme price: 0.0000000000000000008703561552924549 (sqrt: 73914234980758252012, raw: 0.0000000000000000008703561552924549, adjustment: 1)
Extreme price: 0.000000000022452035384422134 (sqrt: 11871550457902257528980488265, raw: 0.02245203538442213, adjustment: 0.000000001)
Extreme price: 15563226336.211655 (sqrt: 9883924071098981944457912386540794, raw: 15563226336.211655, adjustment: 1)
Extreme price: 0.0000000000020706227391543102 (sqrt: 114006620813339801114310, raw: 0.0000000000020706227391543102, adjustment: 1)
Extreme price: 15561342415.912952 (sqrt: 9883325831109361444305757258312695, raw: 15561342415.912952, adjustment: 1)
Extreme price: 0.000000000022236502345782343 (sqrt: 11814431322058642569094900869, raw: 0.022236502345782342, adjustment: 0.000000001)
Extreme price: 0.0000000000000000008695514318597213 (sqrt: 73880056862015398052, raw: 0.0000000000000000008695514318597213, adjustment: 1)
Extreme price: 0.00000000000926949907191719 (sqrt: 7627947870200517816799183064, raw: 0.00926949907191719, adjustment: 0.000000001)
Extreme price: 0.0000000000021411535903135487 (sqrt: 115932044394492570171412, raw: 0.0000000000021411535903135487, adjustment: 1)
Extreme price: 0.000000000022237581926202796 (sqrt: 11814718113428311472426776563, raw: 0.022237581926202794, adjustment: 0.000000001)
Extreme price: 0.00000000000018182711259175408 (sqrt: 1068338562437043585937149314, raw: 0.00018182711259175408, adjustment: 0.000000001)
Extreme price: 0.000000000009799338319343409 (sqrt: 7842923152115652017734871713, raw: 0.009799338319343409, adjustment: 0.000000001)
Extreme price: 0.0000000000228751877798634 (sqrt: 11982899520161084181572701666, raw: 0.022875187779863398, adjustment: 0.000000001)
Extreme price: 0.000000000010138642421847885 (sqrt: 7977549118660841595503043235, raw: 0.010138642421847885, adjustment: 0.000000001)
Extreme price: 0.000000000022608867704883114 (sqrt: 11912940976326948588998831371, raw: 0.02260886770488311, adjustment: 0.000000001)
Extreme price: 0.000000000002276015043386216 (sqrt: 119527310597226305622361, raw: 0.000000000002276015043386216, adjustment: 1)
Extreme price: 0.000000000021837816225620264 (sqrt: 11708039721785042405935708801, raw: 0.02183781622562026, adjustment: 0.000000001)
Extreme price: 14322456920.55802 (sqrt: 299839155533488858427802834160, raw: 14.32245692055802, adjustment: 1000000000)
Extreme price: 0.000000000021889486791647915 (sqrt: 11721882763727717417469556501, raw: 0.021889486791647914, adjustment: 0.000000001)
Extreme price: 0.000000000021309579362657185 (sqrt: 11565569488689072990749327160, raw: 0.021309579362657184, adjustment: 0.000000001)
Extreme price: 0.000000000022044190432576632 (sqrt: 371986056216521729083805, raw: 0.000000000022044190432576632, adjustment: 1)
Extreme price: 16284678963.067953 (sqrt: 319719543630490028941573215116, raw: 16.284678963067954, adjustment: 1000000000)
Extreme price: 0.000000000019590205497700124 (sqrt: 11089170975604766148098270247, raw: 0.019590205497700124, adjustment: 0.000000001)
Extreme price: 0.000000000019862872319014973 (sqrt: 11166076764175182878841868582, raw: 0.01986287231901497, adjustment: 0.000000001)
Extreme price: 0.000000000020413859367211393 (sqrt: 11319888341316016340329065253, raw: 0.020413859367211393, adjustment: 0.000000001)
Extreme price: 0.00000000002046937265510593 (sqrt: 11335269499030099686477784920, raw: 0.020469372655105927, adjustment: 0.000000001)
Extreme price: 988212877142.4481 (sqrt: 78759842343940263081190659102374609, raw: 988212877142.4481, adjustment: 1)
Extreme price: 0.00000000002053608810051735 (sqrt: 11353726888286999701856248520, raw: 0.02053608810051735, adjustment: 0.000000001)
Extreme price: 0.00000000002206658867359157 (sqrt: 372174988489374099884377, raw: 0.00000000002206658867359157, adjustment: 1)
Extreme price: 0.00000000005603823619652798 (sqrt: 593091653690417832777727, raw: 0.00000000005603823619652798, adjustment: 1)
Extreme price: 937255174185.7301 (sqrt: 76702321218991754293110145516803620, raw: 937255174185.7301, adjustment: 1)
Extreme price: 15557699608.809303 (sqrt: 9882168952870698073214277634099632, raw: 15557699608.809303, adjustment: 1)
Extreme price: 0.000000000020788489596426577 (sqrt: 11423286047446996953438744468, raw: 0.020788489596426575, adjustment: 0.000000001)
Extreme price: 0.00000000000972276782007301 (sqrt: 247044131191457493412941, raw: 0.00000000000972276782007301, adjustment: 1)
Extreme price: 0.000000000012108662538625051 (sqrt: 8718216941233739653439487057, raw: 0.01210866253862505, adjustment: 0.000000001)
