Error processing swap: type check failed for "offset (usize)" with data: 4341480000000000000000000000000000000000000000000000000000000000
Error processing swap: server returned an error response: error code 3: execution reverted
Error processing swap: type check failed for "offset (usize)" with data: 4341480000000000000000000000000000000000000000000000000000000000
Error processing swap: type check failed for "offset (usize)" with data: 4d4b520000000000000000000000000000000000000000000000000000000000
Error processing swap: type check failed for "offset (usize)" with data: 4d4b520000000000000000000000000000000000000000000000000000000000
Error processing swap: type check failed for "offset (usize)" with data: 4d4b520000000000000000000000000000000000000000000000000000000000
Error processing swap: type check failed for "offset (usize)" with data: 4d4b520000000000000000000000000000000000000000000000000000000000
Error processing swap: type check failed for "offset (usize)" with data: 4d4b520000000000000000000000000000000000000000000000000000000000
Error processing swap: type check failed for "offset (usize)" with data: 4341480000000000000000000000000000000000000000000000000000000000
Error processing swap: type check failed for "offset (usize)" with data: 4d4b520000000000000000000000000000000000000000000000000000000000
Error processing swap: type check failed for "offset (usize)" with data: 4d4b520000000000000000000000000000000000000000000000000000000000
Error processing swap: type check failed for "offset (usize)" with data: 4d4b520000000000000000000000000000000000000000000000000000000000
Error processing swap: type check failed for "offset (usize)" with data: 4d4b520000000000000000000000000000000000000000000000000000000000
Error processing swap: type check failed for "offset (usize)" with data: 4341480000000000000000000000000000000000000000000000000000000000
Error processing swap: server returned an error response: error code 3: execution reverted
Error processing swap: type check failed for "offset (usize)" with data: 4341480000000000000000000000000000000000000000000000000000000000
Error processing swap: type check failed for "offset (usize)" with data: 4341480000000000000000000000000000000000000000000000000000000000
Error processing swap: type check failed for "offset (usize)" with data: 4341480000000000000000000000000000000000000000000000000000000000
Error processing swap: type check failed for "offset (usize)" with data: 4341480000000000000000000000000000000000000000000000000000000000
Error processing swap: type check failed for "offset (usize)" with data: 4d4b520000000000000000000000000000000000000000000000000000000000
Error processing swap: type check failed for "offset (usize)" with data: 4d4b520000000000000000000000000000000000000000000000000000000000
Error processing swap: server returned an error response: error code 3: execution reverted
Error processing swap: type check failed for "offset (usize)" with data: 4341480000000000000000000000000000000000000000000000000000000000
Error processing swap: type check failed for "offset (usize)" with data: 4341480000000000000000000000000000000000000000000000000000000000
Error processing swap: server returned an error response: error code 3: execution reverted
Error processing swap: type check failed for "offset (usize)" with data: 4156540000000000000000000000000000000000000000000000000000000000
Error processing swap: server returned an error response: error code 3: execution reverted
Error processing swap: type check failed for "offset (usize)" with data: 4341480000000000000000000000000000000000000000000000000000000000
Error processing swap: type check failed for "offset (usize)" with data: 4341480000000000000000000000000000000000000000000000000000000000
Error processing swap: type check failed for "offset (usize)" with data: 4341480000000000000000000000000000000000000000000000000000000000
Error processing swap: type check failed for "offset (usize)" with data: 4341480000000000000000000000000000000000000000000000000000000000
Error processing swap: type check failed for "offset (usize)" with data: 4341480000000000000000000000000000000000000000000000000000000000
Error processing swap: type check failed for "offset (usize)" with data: 4341480000000000000000000000000000000000000000000000000000000000
Error processing swap: type check failed for "offset (usize)" with data: 4d4b520000000000000000000000000000000000000000000000000000000000
Error processing swap: type check failed for "offset (usize)" with data: 4d4b520000000000000000000000000000000000000000000000000000000000
Error processing swap: type check failed for "offset (usize)" with data: 4d4b520000000000000000000000000000000000000000000000000000000000
Error processing swap: type check failed for "offset (usize)" with data: 4d4b520000000000000000000000000000000000000000000000000000000000
Error processing swap: type check failed for "offset (usize)" with data: 4d4b520000000000000000000000000000000000000000000000000000000000
Error processing swap: server returned an error response: error code 3: execution reverted
Error processing swap: type check failed for "offset (usize)" with data: 4d4b520000000000000000000000000000000000000000000000000000000000
Error processing swap: type check failed for "offset (usize)" with data: 4d4b520000000000000000000000000000000000000000000000000000000000
Error processing swap: type check failed for "offset (usize)" with data: 4d4b520000000000000000000000000000000000000000000000000000000000
Error processing swap: type check failed for "offset (usize)" with data: 4d4b520000000000000000000000000000000000000000000000000000000000
Error processing swap: type check failed for "offset (usize)" with data: 4d4b520000000000000000000000000000000000000000000000000000000000
Error processing swap: error sending request for url (https://eth-mainnet.g.alchemy.com/v2/xw5B5-7_DUo-WIztx384s)
Error processing swap: error sending request for url (https://eth-mainnet.g.alchemy.com/v2/xw5B5-7_DUo-WIztx384s)
Error processing swap: server returned an error response: error code 3: execution reverted
Error processing swap: type check failed for "offset (usize)" with data: 4341480000000000000000000000000000000000000000000000000000000000
Error processing swap: type check failed for "offset (usize)" with data: 4341480000000000000000000000000000000000000000000000000000000000
Error processing swap: type check failed for "offset (usize)" with data: 4d4b520000000000000000000000000000000000000000000000000000000000
Error processing swap: type check failed for "offset (usize)" with data: 4d4b520000000000000000000000000000000000000000000000000000000000
Error processing swap: type check failed for "offset (usize)" with data: 4341480000000000000000000000000000000000000000000000000000000000
Error processing swap: error sending request for url (https://eth-mainnet.g.alchemy.com/v2/xw5B5-7_DUo-WIztx384s)
Error processing swap: error sending request for url (https://eth-mainnet.g.alchemy.com/v2/xw5B5-7_DUo-WIztx384s)
Error processing swap: error sending request for url (https://eth-mainnet.g.alchemy.com/v2/xw5B5-7_DUo-WIztx384s)
Error processing swap: error sending request for url (https://eth-mainnet.g.alchemy.com/v2/xw5B5-7_DUo-WIztx384s)
Error processing swap: error sending request for url (https://eth-mainnet.g.alchemy.com/v2/xw5B5-7_DUo-WIztx384s)
Error processing swap: type check failed for "offset (usize)" with data: 4341480000000000000000000000000000000000000000000000000000000000
Error processing swap: server returned an error response: error code 3: execution reverted
Error processing swap: type check failed for "offset (usize)" with data: 4d4b520000000000000000000000000000000000000000000000000000000000
Error processing swap: type check failed for "offset (usize)" with data: 4d4b520000000000000000000000000000000000000000000000000000000000
Error processing swap: type check failed for "offset (usize)" with data: 4d4b520000000000000000000000000000000000000000000000000000000000
Error processing swap: type check failed for "offset (usize)" with data: 4d4b520000000000000000000000000000000000000000000000000000000000
Error processing swap: error sending request for url (https://eth-mainnet.g.alchemy.com/v2/xw5B5-7_DUo-WIztx384s)
Error processing swap: error sending request for url (https://eth-mainnet.g.alchemy.com/v2/xw5B5-7_DUo-WIztx384s)
Error processing swap: server returned an error response: error code 3: execution reverted
Error processing swap: type check failed for "offset (usize)" with data: 4d4b520000000000000000000000000000000000000000000000000000000000
Error processing swap: type check failed for "offset (usize)" with data: 4d4b520000000000000000000000000000000000000000000000000000000000
Error processing swap: type check failed for "offset (usize)" with data: 4d4b520000000000000000000000000000000000000000000000000000000000
Error processing swap: type check failed for "offset (usize)" with data: 4d4b520000000000000000000000000000000000000000000000000000000000
Error processing swap: type check failed for "offset (usize)" with data: 4d4b520000000000000000000000000000000000000000000000000000000000
Error processing swap: type check failed for "offset (usize)" with data: 4d4b520000000000000000000000000000000000000000000000000000000000
Error processing swap: type check failed for "offset (usize)" with data: 4d4b520000000000000000000000000000000000000000000000000000000000
Error processing swap: type check failed for "offset (usize)" with data: 4d4b520000000000000000000000000000000000000000000000000000000000
Error processing swap: type check failed for "offset (usize)" with data: 4341480000000000000000000000000000000000000000000000000000000000
Error processing swap: type check failed for "offset (usize)" with data: 4d4b520000000000000000000000000000000000000000000000000000000000
Error processing swap: type check failed for "offset (usize)" with data: 4d4b520000000000000000000000000000000000000000000000000000000000
Error processing swap: server returned an error response: error code 3: execution reverted
Error processing swap: type check failed for "offset (usize)" with data: 4d4b520000000000000000000000000000000000000000000000000000000000
Error processing swap: type check failed for "offset (usize)" with data: 4d4b520000000000000000000000000000000000000000000000000000000000
Error processing swap: server returned an error response: error code 3: execution reverted
Error processing swap: type check failed for "offset (usize)" with data: 4d4b520000000000000000000000000000000000000000000000000000000000
Error processing swap: type check failed for "offset (usize)" with data: 4d4b520000000000000000000000000000000000000000000000000000000000
Error processing swap: type check failed for "offset (usize)" with data: 4d4b520000000000000000000000000000000000000000000000000000000000
Error processing swap: error sending request for url (https://eth-mainnet.g.alchemy.com/v2/xw5B5-7_DUo-WIztx384s)
Error processing swap: error sending request for url (https://eth-mainnet.g.alchemy.com/v2/xw5B5-7_DUo-WIztx384s)
Error processing swap: error sending request for url (https://eth-mainnet.g.alchemy.com/v2/xw5B5-7_DUo-WIztx384s)
Error processing swap: error sending request for url (https://eth-mainnet.g.alchemy.com/v2/xw5B5-7_DUo-WIztx384s)
Error processing swap: error sending request for url (https://eth-mainnet.g.alchemy.com/v2/xw5B5-7_DUo-WIztx384s)
Error processing swap: error sending request for url (https://eth-mainnet.g.alchemy.com/v2/xw5B5-7_DUo-WIztx384s)
Error processing swap: error sending request for url (https://eth-mainnet.g.alchemy.com/v2/xw5B5-7_DUo-WIztx384s)
Error processing swap: type check failed for "offset (usize)" with data: 4341480000000000000000000000000000000000000000000000000000000000
Error processing swap: type check failed for "offset (usize)" with data: 4d4b520000000000000000000000000000000000000000000000000000000000
Error processing swap: type check failed for "offset (usize)" with data: 4d4b520000000000000000000000000000000000000000000000000000000000
Error processing swap: server returned an error response: error code 3: execution reverted
Error processing swap: type check failed for "offset (usize)" with data: 4d4b520000000000000000000000000000000000000000000000000000000000
Error processing swap: type check failed for "offset (usize)" with data: 4d4b520000000000000000000000000000000000000000000000000000000000
Error processing swap: type check failed for "offset (usize)" with data: 4d4b520000000000000000000000000000000000000000000000000000000000
Error processing swap: type check failed for "offset (usize)" with data: 4d4b520000000000000000000000000000000000000000000000000000000000
Error processing swap: type check failed for "offset (usize)" with data: 4d4b520000000000000000000000000000000000000000000000000000000000
Error processing swap: type check failed for "offset (usize)" with data: 4d4b520000000000000000000000000000000000000000000000000000000000
Error processing swap: type check failed for "offset (usize)" with data: 4d4b520000000000000000000000000000000000000000000000000000000000
Error processing swap: server returned an error response: error code 3: execution reverted
Error processing swap: server returned an error response: error code 3: execution reverted
Error processing swap: type check failed for "offset (usize)" with data: 4341480000000000000000000000000000000000000000000000000000000000
Error processing swap: server returned an error response: error code 3: execution reverted
Error processing swap: type check failed for "offset (usize)" with data: 4d4b520000000000000000000000000000000000000000000000000000000000
Error processing swap: type check failed for "offset (usize)" with data: 4d4b520000000000000000000000000000000000000000000000000000000000
Error processing swap: type check failed for "offset (usize)" with data: 4d4b520000000000000000000000000000000000000000000000000000000000
Error processing swap: type check failed for "offset (usize)" with data: 4d4b520000000000000000000000000000000000000000000000000000000000
Error processing swap: type check failed for "offset (usize)" with data: 4d4b520000000000000000000000000000000000000000000000000000000000
Error processing swap: type check failed for "offset (usize)" with data: 4d4b520000000000000000000000000000000000000000000000000000000000
Error processing swap: type check failed for "offset (usize)" with data: 4d4b520000000000000000000000000000000000000000000000000000000000
Error processing swap: type check failed for "offset (usize)" with data: 4d4b520000000000000000000000000000000000000000000000000000000000
Error processing swap: type check failed for "offset (usize)" with data: 4d4b520000000000000000000000000000000000000000000000000000000000
Error processing swap: type check failed for "offset (usize)" with data: 4d4b520000000000000000000000000000000000000000000000000000000000
Error processing swap: type check failed for "offset (usize)" with data: 4d4b520000000000000000000000000000000000000000000000000000000000
Error processing swap: type check failed for "offset (usize)" with data: 4d4b520000000000000000000000000000000000000000000000000000000000
Error processing swap: type check failed for "offset (usize)" with data: 4d4b520000000000000000000000000000000000000000000000000000000000
Error processing swap: type check failed for "offset (usize)" with data: 4d4b520000000000000000000000000000000000000000000000000000000000
Error processing swap: type check failed for "offset (usize)" with data: 4d4b520000000000000000000000000000000000000000000000000000000000
Error processing swap: type check failed for "offset (usize)" with data: 4d4b520000000000000000000000000000000000000000000000000000000000
Error processing swap: type check failed for "offset (usize)" with data: 4d4b520000000000000000000000000000000000000000000000000000000000
Error processing swap: type check failed for "offset (usize)" with data: 4d4b520000000000000000000000000000000000000000000000000000000000
Error processing swap: type check failed for "offset (usize)" with data: 4d4b520000000000000000000000000000000000000000000000000000000000
Error processing swap: type check failed for "offset (usize)" with data: 4d4b520000000000000000000000000000000000000000000000000000000000
Error processing swap: type check failed for "offset (usize)" with data: 4d4b520000000000000000000000000000000000000000000000000000000000
Error processing swap: type check failed for "offset (usize)" with data: 4d4b520000000000000000000000000000000000000000000000000000000000
Error processing swap: server returned an error response: error code 3: execution reverted
Error processing swap: type check failed for "offset (usize)" with data: 4d4b520000000000000000000000000000000000000000000000000000000000
Error processing swap: server returned an error response: error code 3: execution reverted
Error processing swap: server returned an error response: error code 3: execution reverted
Error processing swap: type check failed for "offset (usize)" with data: 4d4b520000000000000000000000000000000000000000000000000000000000
Error processing swap: type check failed for "offset (usize)" with data: 4d4b520000000000000000000000000000000000000000000000000000000000
Error processing swap: type check failed for "offset (usize)" with data: 4d4b520000000000000000000000000000000000000000000000000000000000
Error processing swap: type check failed for "offset (usize)" with data: 4341480000000000000000000000000000000000000000000000000000000000
Error processing swap: type check failed for "offset (usize)" with data: 4d4b520000000000000000000000000000000000000000000000000000000000
Error processing swap: type check failed for "offset (usize)" with data: 4d4b520000000000000000000000000000000000000000000000000000000000
Error processing swap: type check failed for "offset (usize)" with data: 4341480000000000000000000000000000000000000000000000000000000000
Error processing swap: error sending request for url (https://eth-mainnet.g.alchemy.com/v2/xw5B5-7_DUo-WIztx384s)
Error processing swap: type check failed for "offset (usize)" with data: 4341480000000000000000000000000000000000000000000000000000000000
Error processing swap: type check failed for "offset (usize)" with data: 4341480000000000000000000000000000000000000000000000000000000000
Error processing swap: type check failed for "offset (usize)" with data: 4341480000000000000000000000000000000000000000000000000000000000
Error processing swap: type check failed for "offset (usize)" with data: 4341480000000000000000000000000000000000000000000000000000000000
Error processing swap: type check failed for "offset (usize)" with data: 4341480000000000000000000000000000000000000000000000000000000000
Error processing swap: type check failed for "offset (usize)" with data: 4341480000000000000000000000000000000000000000000000000000000000
Error processing swap: type check failed for "offset (usize)" with data: 4341480000000000000000000000000000000000000000000000000000000000
Error processing swap: type check failed for "offset (usize)" with data: 4341480000000000000000000000000000000000000000000000000000000000
Error processing swap: type check failed for "offset (usize)" with data: 4341480000000000000000000000000000000000000000000000000000000000
Error processing swap: type check failed for "offset (usize)" with data: 4341480000000000000000000000000000000000000000000000000000000000
Error processing swap: type check failed for "offset (usize)" with data: 4341480000000000000000000000000000000000000000000000000000000000
Error processing swap: type check failed for "offset (usize)" with data: 4341480000000000000000000000000000000000000000000000000000000000
Error processing swap: type check failed for "offset (usize)" with data: 4341480000000000000000000000000000000000000000000000000000000000
Error processing swap: type check failed for "offset (usize)" with data: 4341480000000000000000000000000000000000000000000000000000000000
Error processing swap: type check failed for "offset (usize)" with data: 4341480000000000000000000000000000000000000000000000000000000000
Error processing swap: type check failed for "offset (usize)" with data: 4341480000000000000000000000000000000000000000000000000000000000
Error processing swap: type check failed for "offset (usize)" with data: 4341480000000000000000000000000000000000000000000000000000000000
Error processing swap: type check failed for "offset (usize)" with data: 4341480000000000000000000000000000000000000000000000000000000000
Error processing swap: type check failed for "offset (usize)" with data: 4341480000000000000000000000000000000000000000000000000000000000
Error processing swap: server returned an error response: error code 3: execution reverted
Error processing swap: type check failed for "offset (usize)" with data: 4341480000000000000000000000000000000000000000000000000000000000
Error processing swap: type check failed for "offset (usize)" with data: 4341480000000000000000000000000000000000000000000000000000000000
Error processing swap: type check failed for "offset (usize)" with data: 4d4b520000000000000000000000000000000000000000000000000000000000
Error processing swap: type check failed for "offset (usize)" with data: 4341480000000000000000000000000000000000000000000000000000000000
Error processing swap: type check failed for "offset (usize)" with data: 4341480000000000000000000000000000000000000000000000000000000000
Error processing swap: type check failed for "offset (usize)" with data: 4341480000000000000000000000000000000000000000000000000000000000
Error processing swap: type check failed for "offset (usize)" with data: 4341480000000000000000000000000000000000000000000000000000000000
Error processing swap: type check failed for "offset (usize)" with data: 4341480000000000000000000000000000000000000000000000000000000000
Error processing swap: type check failed for "offset (usize)" with data: 4341480000000000000000000000000000000000000000000000000000000000
Error processing swap: type check failed for "offset (usize)" with data: 4341480000000000000000000000000000000000000000000000000000000000
Error processing swap: type check failed for "offset (usize)" with data: 4341480000000000000000000000000000000000000000000000000000000000
Error processing swap: type check failed for "offset (usize)" with data: 4d4b520000000000000000000000000000000000000000000000000000000000
Error processing swap: type check failed for "offset (usize)" with data: 4d4b520000000000000000000000000000000000000000000000000000000000
Error processing swap: type check failed for "offset (usize)" with data: 4d4b520000000000000000000000000000000000000000000000000000000000
Error processing swap: type check failed for "offset (usize)" with data: 4d4b520000000000000000000000000000000000000000000000000000000000
Error processing swap: type check failed for "offset (usize)" with data: 4d4b520000000000000000000000000000000000000000000000000000000000
Error processing swap: server returned an error response: error code 3: execution reverted
Error processing swap: type check failed for "offset (usize)" with data: 4d4b520000000000000000000000000000000000000000000000000000000000
Error processing swap: type check failed for "offset (usize)" with data: 4d4b520000000000000000000000000000000000000000000000000000000000
Error processing swap: type check failed for "offset (usize)" with data: 4341480000000000000000000000000000000000000000000000000000000000
Error processing swap: type check failed for "offset (usize)" with data: 4d4b520000000000000000000000000000000000000000000000000000000000
Error processing swap: type check failed for "offset (usize)" with data: 4d4b520000000000000000000000000000000000000000000000000000000000
Error processing swap: type check failed for "offset (usize)" with data: 4d4b520000000000000000000000000000000000000000000000000000000000
Error processing swap: type check failed for "offset (usize)" with data: 4d4b520000000000000000000000000000000000000000000000000000000000
Error processing swap: type check failed for "offset (usize)" with data: 4d4b520000000000000000000000000000000000000000000000000000000000
Error processing swap: type check failed for "offset (usize)" with data: 4341480000000000000000000000000000000000000000000000000000000000
Error processing swap: server returned an error response: error code 3: execution reverted
Error processing swap: server returned an error response: error code 3: execution reverted
Error processing swap: error sending request for url (https://eth-mainnet.g.alchemy.com/v2/xw5B5-7_DUo-WIztx384s)
Error processing swap: error sending request for url (https://eth-mainnet.g.alchemy.com/v2/xw5B5-7_DUo-WIztx384s)
Error processing swap: type check failed for "offset (usize)" with data: 4d4b520000000000000000000000000000000000000000000000000000000000
Error processing swap: type check failed for "offset (usize)" with data: 4d4b520000000000000000000000000000000000000000000000000000000000
Error processing swap: type check failed for "offset (usize)" with data: 4d4b520000000000000000000000000000000000000000000000000000000000
Error processing swap: type check failed for "offset (usize)" with data: 4d4b520000000000000000000000000000000000000000000000000000000000
Error processing swap: type check failed for "offset (usize)" with data: 4341480000000000000000000000000000000000000000000000000000000000
Error processing swap: type check failed for "offset (usize)" with data: 4341480000000000000000000000000000000000000000000000000000000000
Error processing swap: server returned an error response: error code 3: execution reverted
Error processing swap: type check failed for "offset (usize)" with data: 4d4b520000000000000000000000000000000000000000000000000000000000
Error processing swap: server returned an error response: error code 3: execution reverted
Error processing swap: type check failed for "offset (usize)" with data: 4d4b520000000000000000000000000000000000000000000000000000000000
Error processing swap: type check failed for "offset (usize)" with data: 4341480000000000000000000000000000000000000000000000000000000000
Error processing swap: server returned an error response: error code 3: execution reverted
Error processing swap: type check failed for "offset (usize)" with data: 4d4b520000000000000000000000000000000000000000000000000000000000
Error processing swap: type check failed for "offset (usize)" with data: 4d4b520000000000000000000000000000000000000000000000000000000000
Error processing swap: type check failed for "offset (usize)" with data: 4d4b520000000000000000000000000000000000000000000000000000000000
Error processing swap: type check failed for "offset (usize)" with data: 4d4b520000000000000000000000000000000000000000000000000000000000
Error processing swap: type check failed for "offset (usize)" with data: 4d4b520000000000000000000000000000000000000000000000000000000000
Error processing swap: type check failed for "offset (usize)" with data: 4d4b520000000000000000000000000000000000000000000000000000000000
Error processing swap: type check failed for "offset (usize)" with data: 4d4b520000000000000000000000000000000000000000000000000000000000
Error processing swap: type check failed for "offset (usize)" with data: 4d4b520000000000000000000000000000000000000000000000000000000000
Error processing swap: server returned an error response: error code 3: execution reverted
Error processing swap: type check failed for "offset (usize)" with data: 4d4b520000000000000000000000000000000000000000000000000000000000
Error processing swap: type check failed for "offset (usize)" with data: 4d4b520000000000000000000000000000000000000000000000000000000000
Error processing swap: type check failed for "offset (usize)" with data: 4d4b520000000000000000000000000000000000000000000000000000000000
Error processing swap: type check failed for "offset (usize)" with data: 4d4b520000000000000000000000000000000000000000000000000000000000
Error processing swap: type check failed for "offset (usize)" with data: 4d4b520000000000000000000000000000000000000000000000000000000000
Error processing swap: type check failed for "offset (usize)" with data: 4d4b520000000000000000000000000000000000000000000000000000000000
Error processing swap: type check failed for "offset (usize)" with data: 4d4b520000000000000000000000000000000000000000000000000000000000
Error processing swap: type check failed for "offset (usize)" with data: 4d4b520000000000000000000000000000000000000000000000000000000000
Error processing swap: server returned an error response: error code 3: execution reverted
Error processing swap: type check failed for "offset (usize)" with data: 4341480000000000000000000000000000000000000000000000000000000000
Error processing swap: type check failed for "offset (usize)" with data: 4341480000000000000000000000000000000000000000000000000000000000
Error processing swap: type check failed for "offset (usize)" with data: 4d4b520000000000000000000000000000000000000000000000000000000000
Error processing swap: type check failed for "offset (usize)" with data: 4341480000000000000000000000000000000000000000000000000000000000
Error processing swap: type check failed for "offset (usize)" with data: 4d4b520000000000000000000000000000000000000000000000000000000000
Error processing swap: type check failed for "offset (usize)" with data: 4d4b520000000000000000000000000000000000000000000000000000000000
Error processing swap: type check failed for "offset (usize)" with data: 4d4b520000000000000000000000000000000000000000000000000000000000
Error processing swap: type check failed for "offset (usize)" with data: 4341480000000000000000000000000000000000000000000000000000000000
Error processing swap: type check failed for "offset (usize)" with data: 4341480000000000000000000000000000000000000000000000000000000000
Error processing swap: server returned an error response: error code -32000: execution reverted
Error processing swap: server returned an error response: error code -32000: execution reverted
Error processing swap: server returned an error response: error code -32000: execution reverted
Error processing swap: server returned an error response: error code 3: execution reverted
Error processing swap: server returned an error response: error code -32000: execution reverted
Error processing swap: server returned an error response: error code -32000: execution reverted
Error processing swap: server returned an error response: error code -32000: execution reverted
Error processing swap: server returned an error response: error code -32000: execution reverted
Error processing swap: server returned an error response: error code -32000: execution reverted
Error processing swap: server returned an error response: error code -32000: execution reverted
Error processing swap: server returned an error response: error code -32000: execution reverted
Error processing swap: server returned an error response: error code -32000: execution reverted
Error processing swap: server returned an error response: error code -32000: execution reverted
Error processing swap: server returned an error response: error code -32000: execution reverted
Error processing swap: server returned an error response: error code -32000: execution reverted
Error processing swap: server returned an error response: error code 3: execution reverted
Error processing swap: server returned an error response: error code -32000: execution reverted
Error processing swap: server returned an error response: error code -32000: execution reverted
Error processing swap: server returned an error response: error code -32000: execution reverted
Error processing swap: server returned an error response: error code -32000: execution reverted
Error processing swap: server returned an error response: error code -32000: execution reverted
Error processing swap: server returned an error response: error code -32000: execution reverted
Error processing swap: server returned an error response: error code -32000: execution reverted
Error processing swap: server returned an error response: error code -32000: execution reverted
Error processing swap: server returned an error response: error code -32000: execution reverted
Error processing swap: server returned an error response: error code -32000: execution reverted
Error processing swap: server returned an error response: error code -32000: execution reverted
Error processing swap: server returned an error response: error code -32000: execution reverted
Error processing swap: server returned an error response: error code -32000: execution reverted
Error processing swap: server returned an error response: error code -32000: execution reverted
Error processing swap: server returned an error response: error code -32000: execution reverted
Error processing swap: server returned an error response: error code -32000: execution reverted
Error processing swap: server returned an error response: error code 3: execution reverted
Error processing swap: server returned an error response: error code -32000: execution reverted
Error processing swap: server returned an error response: error code -32000: execution reverted
Error processing swap: server returned an error response: error code -32000: execution reverted
Error processing swap: server returned an error response: error code -32000: execution reverted
Error processing swap: server returned an error response: error code -32000: execution reverted
Error processing swap: server returned an error response: error code -32000: execution reverted
Error processing swap: server returned an error response: error code -32000: execution reverted
Error processing swap: server returned an error response: error code -32000: execution reverted
Error processing swap: server returned an error response: error code -32000: execution reverted
Error processing swap: server returned an error response: error code -32000: execution reverted
Error processing swap: server returned an error response: error code -32000: execution reverted
Error processing swap: server returned an error response: error code -32000: execution reverted
Error processing swap: server returned an error response: error code -32000: execution reverted
Error processing swap: server returned an error response: error code 3: execution reverted
Error processing swap: HTTP error 429 with body: {"jsonrpc":"2.0","id":444,"error":{"code":429,"message":"Your app has exceeded its compute units per second capacity. If you have retries enabled, you can safely ignore this message. If not, check out https://docs.alchemy.com/reference/throughput"}}
Error processing swap: server returned an error response: error code -32000: execution reverted
Error processing swap: HTTP error 429 with body: {"jsonrpc":"2.0","id":449,"error":{"code":429,"message":"Your app has exceeded its compute units per second capacity. If you have retries enabled, you can safely ignore this message. If not, check out https://docs.alchemy.com/reference/throughput"}}
Error processing swap: HTTP error 429 with body: {"jsonrpc":"2.0","id":361,"error":{"code":429,"message":"Your app has exceeded its compute units per second capacity. If you have retries enabled, you can safely ignore this message. If not, check out https://docs.alchemy.com/reference/throughput"}}
Error processing swap: HTTP error 429 with body: {"jsonrpc":"2.0","id":363,"error":{"code":429,"message":"Your app has exceeded its compute units per second capacity. If you have retries enabled, you can safely ignore this message. If not, check out https://docs.alchemy.com/reference/throughput"}}
Error processing swap: HTTP error 429 with body: {"jsonrpc":"2.0","id":457,"error":{"code":429,"message":"Your app has exceeded its compute units per second capacity. If you have retries enabled, you can safely ignore this message. If not, check out https://docs.alchemy.com/reference/throughput"}}
Error processing swap: HTTP error 429 with body: {"jsonrpc":"2.0","id":458,"error":{"code":429,"message":"Your app has exceeded its compute units per second capacity. If you have retries enabled, you can safely ignore this message. If not, check out https://docs.alchemy.com/reference/throughput"}}
Error processing swap: HTTP error 429 with body: {"jsonrpc":"2.0","id":366,"error":{"code":429,"message":"Your app has exceeded its compute units per second capacity. If you have retries enabled, you can safely ignore this message. If not, check out https://docs.alchemy.com/reference/throughput"}}
Error processing swap: HTTP error 429 with body: {"jsonrpc":"2.0","id":465,"error":{"code":429,"message":"Your app has exceeded its compute units per second capacity. If you have retries enabled, you can safely ignore this message. If not, check out https://docs.alchemy.com/reference/throughput"}}
Error processing swap: HTTP error 429 with body: {"jsonrpc":"2.0","id":477,"error":{"code":429,"message":"Your app has exceeded its compute units per second capacity. If you have retries enabled, you can safely ignore this message. If not, check out https://docs.alchemy.com/reference/throughput"}}
Error processing swap: server returned an error response: error code -32000: execution reverted
Error processing swap: HTTP error 429 with body: {"jsonrpc":"2.0","id":479,"error":{"code":429,"message":"Your app has exceeded its compute units per second capacity. If you have retries enabled, you can safely ignore this message. If not, check out https://docs.alchemy.com/reference/throughput"}}
Error processing swap: HTTP error 429 with body: {"jsonrpc":"2.0","id":392,"error":{"code":429,"message":"Your app has exceeded its compute units per second capacity. If you have retries enabled, you can safely ignore this message. If not, check out https://docs.alchemy.com/reference/throughput"}}
Error processing swap: server returned an error response: error code -32000: execution reverted
Error processing swap: server returned an error response: error code -32000: execution reverted
Error processing swap: server returned an error response: error code -32000: execution reverted
Error processing swap: server returned an error response: error code 3: execution reverted
Error processing swap: server returned an error response: error code -32000: execution reverted
Error processing swap: server returned an error response: error code 3: execution reverted
Error processing swap: server returned an error response: error code -32000: execution reverted
Error processing swap: server returned an error response: error code -32000: execution reverted
Error processing swap: server returned an error response: error code -32000: execution reverted
Error processing swap: server returned an error response: error code -32000: execution reverted
Error processing swap: server returned an error response: error code -32000: execution reverted
Error processing swap: server returned an error response: error code -32000: execution reverted
Error processing swap: server returned an error response: error code -32000: execution reverted
Error processing swap: server returned an error response: error code -32000: execution reverted
Error processing swap: server returned an error response: error code -32000: execution reverted
Error processing swap: server returned an error response: error code -32000: execution reverted
Error processing swap: server returned an error response: error code -32000: execution reverted
Error processing swap: server returned an error response: error code -32000: execution reverted
Error processing swap: server returned an error response: error code -32000: execution reverted
Error processing swap: server returned an error response: error code -32000: execution reverted
Error processing swap: server returned an error response: error code -32000: execution reverted
Error processing swap: server returned an error response: error code -32000: execution reverted
Error processing swap: server returned an error response: error code -32000: execution reverted
Error processing swap: server returned an error response: error code -32000: execution reverted
Error processing swap: server returned an error response: error code -32000: execution reverted
Error processing swap: server returned an error response: error code -32000: execution reverted
Error processing swap: server returned an error response: error code -32000: execution reverted
Error processing swap: server returned an error response: error code -32000: execution reverted
Error processing swap: server returned an error response: error code -32000: execution reverted
Error processing swap: server returned an error response: error code -32000: execution reverted
Error processing swap: server returned an error response: error code -32000: execution reverted
Error processing swap: type check failed for "offset (usize)" with data: 4341480000000000000000000000000000000000000000000000000000000000
Error processing swap: server returned an error response: error code -32000: execution reverted
Error processing swap: server returned an error response: error code -32000: execution reverted
Error processing swap: server returned an error response: error code -32000: execution reverted
Error processing swap: server returned an error response: error code -32000: execution reverted
Error processing swap: server returned an error response: error code -32000: execution reverted
Error processing swap: server returned an error response: error code -32000: execution reverted
Error processing swap: server returned an error response: error code -32000: execution reverted
Error processing swap: server returned an error response: error code -32000: execution reverted
Error processing swap: server returned an error response: error code -32000: execution reverted
Error processing swap: server returned an error response: error code -32000: execution reverted
Error processing swap: server returned an error response: error code -32000: execution reverted
Error processing swap: server returned an error response: error code -32000: execution reverted
Error processing swap: server returned an error response: error code -32000: execution reverted
Error processing swap: server returned an error response: error code -32000: execution reverted
Error processing swap: server returned an error response: error code 3: execution reverted
Error processing swap: server returned an error response: error code -32000: execution reverted
Error processing swap: server returned an error response: error code -32000: execution reverted
Error processing swap: server returned an error response: error code -32000: execution reverted
Error processing swap: server returned an error response: error code -32000: execution reverted
Error processing swap: server returned an error response: error code -32000: execution reverted
Error processing swap: server returned an error response: error code -32000: execution reverted
Error processing swap: server returned an error response: error code -32000: execution reverted
Error processing swap: server returned an error response: error code -32000: execution reverted
Error processing swap: server returned an error response: error code -32000: execution reverted
Error processing swap: server returned an error response: error code 3: execution reverted
Error processing swap: server returned an error response: error code -32000: execution reverted
Error processing swap: server returned an error response: error code -32000: execution reverted
Error processing swap: server returned an error response: error code -32000: execution reverted
Error processing swap: server returned an error response: error code -32000: execution reverted
Error processing swap: server returned an error response: error code -32000: execution reverted
Error processing swap: server returned an error response: error code -32000: execution reverted
Error processing swap: server returned an error response: error code -32000: execution reverted
Error processing swap: server returned an error response: error code -32000: execution reverted
Error processing swap: server returned an error response: error code -32000: execution reverted
Error processing swap: server returned an error response: error code -32000: execution reverted
Error processing swap: server returned an error response: error code -32000: execution reverted
Error processing swap: HTTP error 429 with body: {"jsonrpc":"2.0","id":216,"error":{"code":429,"message":"Your app has exceeded its compute units per second capacity. If you have retries enabled, you can safely ignore this message. If not, check out https://docs.alchemy.com/reference/throughput"}}
Error processing swap: HTTP error 429 with body: {"jsonrpc":"2.0","id":259,"error":{"code":429,"message":"Your app has exceeded its compute units per second capacity. If you have retries enabled, you can safely ignore this message. If not, check out https://docs.alchemy.com/reference/throughput"}}
Error processing swap: HTTP error 429 with body: {"jsonrpc":"2.0","id":218,"error":{"code":429,"message":"Your app has exceeded its compute units per second capacity. If you have retries enabled, you can safely ignore this message. If not, check out https://docs.alchemy.com/reference/throughput"}}
Error processing swap: HTTP error 429 with body: {"jsonrpc":"2.0","id":261,"error":{"code":429,"message":"Your app has exceeded its compute units per second capacity. If you have retries enabled, you can safely ignore this message. If not, check out https://docs.alchemy.com/reference/throughput"}}
Error processing swap: HTTP error 429 with body: {"jsonrpc":"2.0","id":219,"error":{"code":429,"message":"Your app has exceeded its compute units per second capacity. If you have retries enabled, you can safely ignore this message. If not, check out https://docs.alchemy.com/reference/throughput"}}
Error processing swap: HTTP error 429 with body: {"jsonrpc":"2.0","id":262,"error":{"code":429,"message":"Your app has exceeded its compute units per second capacity. If you have retries enabled, you can safely ignore this message. If not, check out https://docs.alchemy.com/reference/throughput"}}
Error processing swap: HTTP error 429 with body: {"jsonrpc":"2.0","id":221,"error":{"code":429,"message":"Your app has exceeded its compute units per second capacity. If you have retries enabled, you can safely ignore this message. If not, check out https://docs.alchemy.com/reference/throughput"}}
Error processing swap: HTTP error 429 with body: {"jsonrpc":"2.0","id":263,"error":{"code":429,"message":"Your app has exceeded its compute units per second capacity. If you have retries enabled, you can safely ignore this message. If not, check out https://docs.alchemy.com/reference/throughput"}}
Error processing swap: HTTP error 429 with body: {"jsonrpc":"2.0","id":224,"error":{"code":429,"message":"Your app has exceeded its compute units per second capacity. If you have retries enabled, you can safely ignore this message. If not, check out https://docs.alchemy.com/reference/throughput"}}
Error processing swap: HTTP error 429 with body: {"jsonrpc":"2.0","id":267,"error":{"code":429,"message":"Your app has exceeded its compute units per second capacity. If you have retries enabled, you can safely ignore this message. If not, check out https://docs.alchemy.com/reference/throughput"}}
Error processing swap: HTTP error 429 with body: {"jsonrpc":"2.0","id":268,"error":{"code":429,"message":"Your app has exceeded its compute units per second capacity. If you have retries enabled, you can safely ignore this message. If not, check out https://docs.alchemy.com/reference/throughput"}}
Error processing swap: HTTP error 429 with body: {"jsonrpc":"2.0","id":235,"error":{"code":429,"message":"Your app has exceeded its compute units per second capacity. If you have retries enabled, you can safely ignore this message. If not, check out https://docs.alchemy.com/reference/throughput"}}
Error processing swap: HTTP error 429 with body: {"jsonrpc":"2.0","id":236,"error":{"code":429,"message":"Your app has exceeded its compute units per second capacity. If you have retries enabled, you can safely ignore this message. If not, check out https://docs.alchemy.com/reference/throughput"}}
Error processing swap: HTTP error 429 with body: {"jsonrpc":"2.0","id":237,"error":{"code":429,"message":"Your app has exceeded its compute units per second capacity. If you have retries enabled, you can safely ignore this message. If not, check out https://docs.alchemy.com/reference/throughput"}}
Error processing swap: HTTP error 429 with body: {"jsonrpc":"2.0","id":239,"error":{"code":429,"message":"Your app has exceeded its compute units per second capacity. If you have retries enabled, you can safely ignore this message. If not, check out https://docs.alchemy.com/reference/throughput"}}
Error processing swap: HTTP error 429 with body: {"jsonrpc":"2.0","id":280,"error":{"code":429,"message":"Your app has exceeded its compute units per second capacity. If you have retries enabled, you can safely ignore this message. If not, check out https://docs.alchemy.com/reference/throughput"}}
Error processing swap: HTTP error 429 with body: {"jsonrpc":"2.0","id":240,"error":{"code":429,"message":"Your app has exceeded its compute units per second capacity. If you have retries enabled, you can safely ignore this message. If not, check out https://docs.alchemy.com/reference/throughput"}}
Error processing swap: HTTP error 429 with body: {"jsonrpc":"2.0","id":281,"error":{"code":429,"message":"Your app has exceeded its compute units per second capacity. If you have retries enabled, you can safely ignore this message. If not, check out https://docs.alchemy.com/reference/throughput"}}
Error processing swap: HTTP error 429 with body: {"jsonrpc":"2.0","id":241,"error":{"code":429,"message":"Your app has exceeded its compute units per second capacity. If you have retries enabled, you can safely ignore this message. If not, check out https://docs.alchemy.com/reference/throughput"}}
Error processing swap: HTTP error 429 with body: {"jsonrpc":"2.0","id":245,"error":{"code":429,"message":"Your app has exceeded its compute units per second capacity. If you have retries enabled, you can safely ignore this message. If not, check out https://docs.alchemy.com/reference/throughput"}}
Error processing swap: HTTP error 429 with body: {"jsonrpc":"2.0","id":247,"error":{"code":429,"message":"Your app has exceeded its compute units per second capacity. If you have retries enabled, you can safely ignore this message. If not, check out https://docs.alchemy.com/reference/throughput"}}
Error processing swap: HTTP error 429 with body: {"jsonrpc":"2.0","id":153,"error":{"code":429,"message":"Your app has exceeded its compute units per second capacity. If you have retries enabled, you can safely ignore this message. If not, check out https://docs.alchemy.com/reference/throughput"}}
Error processing swap: HTTP error 429 with body: {"jsonrpc":"2.0","id":293,"error":{"code":429,"message":"Your app has exceeded its compute units per second capacity. If you have retries enabled, you can safely ignore this message. If not, check out https://docs.alchemy.com/reference/throughput"}}
Error processing swap: HTTP error 429 with body: {"jsonrpc":"2.0","id":294,"error":{"code":429,"message":"Your app has exceeded its compute units per second capacity. If you have retries enabled, you can safely ignore this message. If not, check out https://docs.alchemy.com/reference/throughput"}}
Error processing swap: HTTP error 429 with body: {"jsonrpc":"2.0","id":167,"error":{"code":429,"message":"Your app has exceeded its compute units per second capacity. If you have retries enabled, you can safely ignore this message. If not, check out https://docs.alchemy.com/reference/throughput"}}
Error processing swap: HTTP error 429 with body: {"jsonrpc":"2.0","id":168,"error":{"code":429,"message":"Your app has exceeded its compute units per second capacity. If you have retries enabled, you can safely ignore this message. If not, check out https://docs.alchemy.com/reference/throughput"}}
Error processing swap: HTTP error 429 with body: {"jsonrpc":"2.0","id":307,"error":{"code":429,"message":"Your app has exceeded its compute units per second capacity. If you have retries enabled, you can safely ignore this message. If not, check out https://docs.alchemy.com/reference/throughput"}}
Error processing swap: HTTP error 429 with body: {"jsonrpc":"2.0","id":170,"error":{"code":429,"message":"Your app has exceeded its compute units per second capacity. If you have retries enabled, you can safely ignore this message. If not, check out https://docs.alchemy.com/reference/throughput"}}
Error processing swap: HTTP error 429 with body: {"jsonrpc":"2.0","id":308,"error":{"code":429,"message":"Your app has exceeded its compute units per second capacity. If you have retries enabled, you can safely ignore this message. If not, check out https://docs.alchemy.com/reference/throughput"}}
Error processing swap: HTTP error 429 with body: {"jsonrpc":"2.0","id":171,"error":{"code":429,"message":"Your app has exceeded its compute units per second capacity. If you have retries enabled, you can safely ignore this message. If not, check out https://docs.alchemy.com/reference/throughput"}}
Error processing swap: HTTP error 429 with body: {"jsonrpc":"2.0","id":172,"error":{"code":429,"message":"Your app has exceeded its compute units per second capacity. If you have retries enabled, you can safely ignore this message. If not, check out https://docs.alchemy.com/reference/throughput"}}
Error processing swap: server returned an error response: error code 3: execution reverted
Error processing swap: HTTP error 429 with body: {"jsonrpc":"2.0","id":173,"error":{"code":429,"message":"Your app has exceeded its compute units per second capacity. If you have retries enabled, you can safely ignore this message. If not, check out https://docs.alchemy.com/reference/throughput"}}
Error processing swap: HTTP error 429 with body: {"jsonrpc":"2.0","id":317,"error":{"code":429,"message":"Your app has exceeded its compute units per second capacity. If you have retries enabled, you can safely ignore this message. If not, check out https://docs.alchemy.com/reference/throughput"}}
Error processing swap: HTTP error 429 with body: {"jsonrpc":"2.0","id":174,"error":{"code":429,"message":"Your app has exceeded its compute units per second capacity. If you have retries enabled, you can safely ignore this message. If not, check out https://docs.alchemy.com/reference/throughput"}}
Error processing swap: HTTP error 429 with body: {"jsonrpc":"2.0","id":318,"error":{"code":429,"message":"Your app has exceeded its compute units per second capacity. If you have retries enabled, you can safely ignore this message. If not, check out https://docs.alchemy.com/reference/throughput"}}
Error processing swap: HTTP error 429 with body: {"jsonrpc":"2.0","id":176,"error":{"code":429,"message":"Your app has exceeded its compute units per second capacity. If you have retries enabled, you can safely ignore this message. If not, check out https://docs.alchemy.com/reference/throughput"}}
Error processing swap: HTTP error 429 with body: {"jsonrpc":"2.0","id":320,"error":{"code":429,"message":"Your app has exceeded its compute units per second capacity. If you have retries enabled, you can safely ignore this message. If not, check out https://docs.alchemy.com/reference/throughput"}}
Error processing swap: HTTP error 429 with body: {"jsonrpc":"2.0","id":321,"error":{"code":429,"message":"Your app has exceeded its compute units per second capacity. If you have retries enabled, you can safely ignore this message. If not, check out https://docs.alchemy.com/reference/throughput"}}
Error processing swap: HTTP error 429 with body: {"jsonrpc":"2.0","id":322,"error":{"code":429,"message":"Your app has exceeded its compute units per second capacity. If you have retries enabled, you can safely ignore this message. If not, check out https://docs.alchemy.com/reference/throughput"}}
Error processing swap: HTTP error 429 with body: {"jsonrpc":"2.0","id":323,"error":{"code":429,"message":"Your app has exceeded its compute units per second capacity. If you have retries enabled, you can safely ignore this message. If not, check out https://docs.alchemy.com/reference/throughput"}}
Error processing swap: HTTP error 429 with body: {"jsonrpc":"2.0","id":324,"error":{"code":429,"message":"Your app has exceeded its compute units per second capacity. If you have retries enabled, you can safely ignore this message. If not, check out https://docs.alchemy.com/reference/throughput"}}
Error processing swap: HTTP error 429 with body: {"jsonrpc":"2.0","id":325,"error":{"code":429,"message":"Your app has exceeded its compute units per second capacity. If you have retries enabled, you can safely ignore this message. If not, check out https://docs.alchemy.com/reference/throughput"}}
Error processing swap: server returned an error response: error code -32000: execution reverted
Error processing swap: HTTP error 429 with body: {"jsonrpc":"2.0","id":358,"error":{"code":429,"message":"Your app has exceeded its compute units per second capacity. If you have retries enabled, you can safely ignore this message. If not, check out https://docs.alchemy.com/reference/throughput"}}
Error processing swap: HTTP error 429 with body: {"jsonrpc":"2.0","id":359,"error":{"code":429,"message":"Your app has exceeded its compute units per second capacity. If you have retries enabled, you can safely ignore this message. If not, check out https://docs.alchemy.com/reference/throughput"}}
Error processing swap: HTTP error 429 with body: {"jsonrpc":"2.0","id":361,"error":{"code":429,"message":"Your app has exceeded its compute units per second capacity. If you have retries enabled, you can safely ignore this message. If not, check out https://docs.alchemy.com/reference/throughput"}}
Error processing swap: HTTP error 429 with body: {"jsonrpc":"2.0","id":368,"error":{"code":429,"message":"Your app has exceeded its compute units per second capacity. If you have retries enabled, you can safely ignore this message. If not, check out https://docs.alchemy.com/reference/throughput"}}
Error processing swap: HTTP error 429 with body: {"jsonrpc":"2.0","id":369,"error":{"code":429,"message":"Your app has exceeded its compute units per second capacity. If you have retries enabled, you can safely ignore this message. If not, check out https://docs.alchemy.com/reference/throughput"}}
Error processing swap: HTTP error 429 with body: {"jsonrpc":"2.0","id":370,"error":{"code":429,"message":"Your app has exceeded its compute units per second capacity. If you have retries enabled, you can safely ignore this message. If not, check out https://docs.alchemy.com/reference/throughput"}}
Error processing swap: HTTP error 429 with body: {"jsonrpc":"2.0","id":395,"error":{"code":429,"message":"Your app has exceeded its compute units per second capacity. If you have retries enabled, you can safely ignore this message. If not, check out https://docs.alchemy.com/reference/throughput"}}
Error processing swap: HTTP error 429 with body: {"jsonrpc":"2.0","id":396,"error":{"code":429,"message":"Your app has exceeded its compute units per second capacity. If you have retries enabled, you can safely ignore this message. If not, check out https://docs.alchemy.com/reference/throughput"}}
Error processing swap: HTTP error 429 with body: {"jsonrpc":"2.0","id":397,"error":{"code":429,"message":"Your app has exceeded its compute units per second capacity. If you have retries enabled, you can safely ignore this message. If not, check out https://docs.alchemy.com/reference/throughput"}}
Error processing swap: HTTP error 429 with body: {"jsonrpc":"2.0","id":401,"error":{"code":429,"message":"Your app has exceeded its compute units per second capacity. If you have retries enabled, you can safely ignore this message. If not, check out https://docs.alchemy.com/reference/throughput"}}
Error processing swap: HTTP error 429 with body: {"jsonrpc":"2.0","id":405,"error":{"code":429,"message":"Your app has exceeded its compute units per second capacity. If you have retries enabled, you can safely ignore this message. If not, check out https://docs.alchemy.com/reference/throughput"}}
Error processing swap: HTTP error 429 with body: {"jsonrpc":"2.0","id":283,"error":{"code":429,"message":"Your app has exceeded its compute units per second capacity. If you have retries enabled, you can safely ignore this message. If not, check out https://docs.alchemy.com/reference/throughput"}}
Error processing swap: HTTP error 429 with body: {"jsonrpc":"2.0","id":285,"error":{"code":429,"message":"Your app has exceeded its compute units per second capacity. If you have retries enabled, you can safely ignore this message. If not, check out https://docs.alchemy.com/reference/throughput"}}
Error processing swap: HTTP error 429 with body: {"jsonrpc":"2.0","id":288,"error":{"code":429,"message":"Your app has exceeded its compute units per second capacity. If you have retries enabled, you can safely ignore this message. If not, check out https://docs.alchemy.com/reference/throughput"}}
Error processing swap: server returned an error response: error code -32000: execution reverted
Error processing swap: server returned an error response: error code -32000: execution reverted
Error processing swap: server returned an error response: error code -32000: execution reverted
Error processing swap: server returned an error response: error code -32000: execution reverted
Error processing swap: server returned an error response: error code -32000: execution reverted
Error processing swap: server returned an error response: error code -32000: execution reverted
Error processing swap: server returned an error response: error code 3: execution reverted
Error processing swap: server returned an error response: error code -32000: execution reverted
Error processing swap: server returned an error response: error code -32000: execution reverted
Error processing swap: server returned an error response: error code -32000: execution reverted
Error processing swap: server returned an error response: error code -32000: execution reverted
Error processing swap: server returned an error response: error code -32000: execution reverted
Error processing swap: server returned an error response: error code -32000: execution reverted
Error processing swap: server returned an error response: error code -32000: execution reverted
Error processing swap: server returned an error response: error code -32000: execution reverted
Error processing swap: server returned an error response: error code -32000: execution reverted
Error processing swap: server returned an error response: error code -32000: execution reverted
Error processing swap: server returned an error response: error code -32000: execution reverted
Error processing swap: server returned an error response: error code -32000: execution reverted
Error processing swap: server returned an error response: error code -32000: execution reverted
Error processing swap: server returned an error response: error code -32000: execution reverted
Error processing swap: server returned an error response: error code -32000: execution reverted
Error processing swap: server returned an error response: error code -32000: execution reverted
Error processing swap: server returned an error response: error code -32000: execution reverted
Error processing swap: server returned an error response: error code -32000: execution reverted
Error processing swap: server returned an error response: error code -32000: execution reverted
Error processing swap: server returned an error response: error code -32000: execution reverted
Error processing swap: server returned an error response: error code -32000: execution reverted
Error processing swap: server returned an error response: error code -32000: execution reverted
Error processing swap: server returned an error response: error code -32000: execution reverted
Error processing swap: server returned an error response: error code -32000: execution reverted
Error processing swap: server returned an error response: error code -32000: execution reverted
Error processing swap: server returned an error response: error code -32000: execution reverted
Error processing swap: server returned an error response: error code -32000: execution reverted
Error processing swap: server returned an error response: error code -32000: execution reverted
Error processing swap: server returned an error response: error code -32000: execution reverted
Error processing swap: server returned an error response: error code -32000: execution reverted
Error processing swap: server returned an error response: error code -32000: execution reverted
Error processing swap: server returned an error response: error code -32000: execution reverted
Error processing swap: server returned an error response: error code -32000: execution reverted
Error processing swap: server returned an error response: error code -32000: execution reverted
Error processing swap: server returned an error response: error code -32000: execution reverted
Error processing swap: server returned an error response: error code -32000: execution reverted
Error processing swap: server returned an error response: error code -32000: execution reverted
Error processing swap: server returned an error response: error code -32000: execution reverted
Error processing swap: server returned an error response: error code -32000: execution reverted
Error processing swap: server returned an error response: error code -32000: execution reverted
Error processing swap: server returned an error response: error code -32000: execution reverted
Error processing swap: server returned an error response: error code -32000: execution reverted
Error processing swap: HTTP error 429 with body: {"jsonrpc":"2.0","id":135,"error":{"code":429,"message":"Your app has exceeded its compute units per second capacity. If you have retries enabled, you can safely ignore this message. If not, check out https://docs.alchemy.com/reference/throughput"}}
Error processing swap: HTTP error 429 with body: {"jsonrpc":"2.0","id":240,"error":{"code":429,"message":"Your app has exceeded its compute units per second capacity. If you have retries enabled, you can safely ignore this message. If not, check out https://docs.alchemy.com/reference/throughput"}}
Error processing swap: server returned an error response: error code -32000: execution reverted
Error processing swap: HTTP error 429 with body: {"jsonrpc":"2.0","id":241,"error":{"code":429,"message":"Your app has exceeded its compute units per second capacity. If you have retries enabled, you can safely ignore this message. If not, check out https://docs.alchemy.com/reference/throughput"}}
Error processing swap: server returned an error response: error code -32000: execution reverted
Error processing swap: HTTP error 429 with body: {"jsonrpc":"2.0","id":243,"error":{"code":429,"message":"Your app has exceeded its compute units per second capacity. If you have retries enabled, you can safely ignore this message. If not, check out https://docs.alchemy.com/reference/throughput"}}
Error processing swap: server returned an error response: error code -32000: execution reverted
Error processing swap: HTTP error 429 with body: {"jsonrpc":"2.0","id":247,"error":{"code":429,"message":"Your app has exceeded its compute units per second capacity. If you have retries enabled, you can safely ignore this message. If not, check out https://docs.alchemy.com/reference/throughput"}}
Error processing swap: server returned an error response: error code -32000: execution reverted
Error processing swap: server returned an error response: error code -32000: execution reverted
Error processing swap: HTTP error 429 with body: {"jsonrpc":"2.0","id":250,"error":{"code":429,"message":"Your app has exceeded its compute units per second capacity. If you have retries enabled, you can safely ignore this message. If not, check out https://docs.alchemy.com/reference/throughput"}}
Error processing swap: HTTP error 429 with body: {"jsonrpc":"2.0","id":256,"error":{"code":429,"message":"Your app has exceeded its compute units per second capacity. If you have retries enabled, you can safely ignore this message. If not, check out https://docs.alchemy.com/reference/throughput"}}
Error processing swap: HTTP error 429 with body: {"jsonrpc":"2.0","id":163,"error":{"code":429,"message":"Your app has exceeded its compute units per second capacity. If you have retries enabled, you can safely ignore this message. If not, check out https://docs.alchemy.com/reference/throughput"}}
Error processing swap: HTTP error 429 with body: {"jsonrpc":"2.0","id":257,"error":{"code":429,"message":"Your app has exceeded its compute units per second capacity. If you have retries enabled, you can safely ignore this message. If not, check out https://docs.alchemy.com/reference/throughput"}}
Error processing swap: HTTP error 429 with body: {"jsonrpc":"2.0","id":258,"error":{"code":429,"message":"Your app has exceeded its compute units per second capacity. If you have retries enabled, you can safely ignore this message. If not, check out https://docs.alchemy.com/reference/throughput"}}
Error processing swap: HTTP error 429 with body: {"jsonrpc":"2.0","id":167,"error":{"code":429,"message":"Your app has exceeded its compute units per second capacity. If you have retries enabled, you can safely ignore this message. If not, check out https://docs.alchemy.com/reference/throughput"}}
Error processing swap: server returned an error response: error code -32000: execution reverted
Error processing swap: HTTP error 429 with body: {"jsonrpc":"2.0","id":264,"error":{"code":429,"message":"Your app has exceeded its compute units per second capacity. If you have retries enabled, you can safely ignore this message. If not, check out https://docs.alchemy.com/reference/throughput"}}
Error processing swap: HTTP error 429 with body: {"jsonrpc":"2.0","id":265,"error":{"code":429,"message":"Your app has exceeded its compute units per second capacity. If you have retries enabled, you can safely ignore this message. If not, check out https://docs.alchemy.com/reference/throughput"}}
Error processing swap: HTTP error 429 with body: {"jsonrpc":"2.0","id":174,"error":{"code":429,"message":"Your app has exceeded its compute units per second capacity. If you have retries enabled, you can safely ignore this message. If not, check out https://docs.alchemy.com/reference/throughput"}}
Error processing swap: HTTP error 429 with body: {"jsonrpc":"2.0","id":266,"error":{"code":429,"message":"Your app has exceeded its compute units per second capacity. If you have retries enabled, you can safely ignore this message. If not, check out https://docs.alchemy.com/reference/throughput"}}
Error processing swap: HTTP error 429 with body: {"jsonrpc":"2.0","id":175,"error":{"code":429,"message":"Your app has exceeded its compute units per second capacity. If you have retries enabled, you can safely ignore this message. If not, check out https://docs.alchemy.com/reference/throughput"}}
Error processing swap: HTTP error 429 with body: {"jsonrpc":"2.0","id":176,"error":{"code":429,"message":"Your app has exceeded its compute units per second capacity. If you have retries enabled, you can safely ignore this message. If not, check out https://docs.alchemy.com/reference/throughput"}}
Error processing swap: HTTP error 429 with body: {"jsonrpc":"2.0","id":269,"error":{"code":429,"message":"Your app has exceeded its compute units per second capacity. If you have retries enabled, you can safely ignore this message. If not, check out https://docs.alchemy.com/reference/throughput"}}
Error processing swap: HTTP error 429 with body: {"jsonrpc":"2.0","id":177,"error":{"code":429,"message":"Your app has exceeded its compute units per second capacity. If you have retries enabled, you can safely ignore this message. If not, check out https://docs.alchemy.com/reference/throughput"}}
Error processing swap: HTTP error 429 with body: {"jsonrpc":"2.0","id":274,"error":{"code":429,"message":"Your app has exceeded its compute units per second capacity. If you have retries enabled, you can safely ignore this message. If not, check out https://docs.alchemy.com/reference/throughput"}}
Error processing swap: HTTP error 429 with body: {"jsonrpc":"2.0","id":279,"error":{"code":429,"message":"Your app has exceeded its compute units per second capacity. If you have retries enabled, you can safely ignore this message. If not, check out https://docs.alchemy.com/reference/throughput"}}
Error processing swap: HTTP error 429 with body: {"jsonrpc":"2.0","id":187,"error":{"code":429,"message":"Your app has exceeded its compute units per second capacity. If you have retries enabled, you can safely ignore this message. If not, check out https://docs.alchemy.com/reference/throughput"}}
Error processing swap: HTTP error 429 with body: {"jsonrpc":"2.0","id":280,"error":{"code":429,"message":"Your app has exceeded its compute units per second capacity. If you have retries enabled, you can safely ignore this message. If not, check out https://docs.alchemy.com/reference/throughput"}}
Error processing swap: HTTP error 429 with body: {"jsonrpc":"2.0","id":281,"error":{"code":429,"message":"Your app has exceeded its compute units per second capacity. If you have retries enabled, you can safely ignore this message. If not, check out https://docs.alchemy.com/reference/throughput"}}
Error processing swap: HTTP error 429 with body: {"jsonrpc":"2.0","id":192,"error":{"code":429,"message":"Your app has exceeded its compute units per second capacity. If you have retries enabled, you can safely ignore this message. If not, check out https://docs.alchemy.com/reference/throughput"}}
Error processing swap: HTTP error 429 with body: {"jsonrpc":"2.0","id":282,"error":{"code":429,"message":"Your app has exceeded its compute units per second capacity. If you have retries enabled, you can safely ignore this message. If not, check out https://docs.alchemy.com/reference/throughput"}}
Error processing swap: HTTP error 429 with body: {"jsonrpc":"2.0","id":194,"error":{"code":429,"message":"Your app has exceeded its compute units per second capacity. If you have retries enabled, you can safely ignore this message. If not, check out https://docs.alchemy.com/reference/throughput"}}
Error processing swap: HTTP error 429 with body: {"jsonrpc":"2.0","id":195,"error":{"code":429,"message":"Your app has exceeded its compute units per second capacity. If you have retries enabled, you can safely ignore this message. If not, check out https://docs.alchemy.com/reference/throughput"}}
Error processing swap: HTTP error 429 with body: {"jsonrpc":"2.0","id":196,"error":{"code":429,"message":"Your app has exceeded its compute units per second capacity. If you have retries enabled, you can safely ignore this message. If not, check out https://docs.alchemy.com/reference/throughput"}}
Error processing swap: server returned an error response: error code -32000: execution reverted
Error processing swap: HTTP error 429 with body: {"jsonrpc":"2.0","id":299,"error":{"code":429,"message":"Your app has exceeded its compute units per second capacity. If you have retries enabled, you can safely ignore this message. If not, check out https://docs.alchemy.com/reference/throughput"}}
Error processing swap: HTTP error 429 with body: {"jsonrpc":"2.0","id":202,"error":{"code":429,"message":"Your app has exceeded its compute units per second capacity. If you have retries enabled, you can safely ignore this message. If not, check out https://docs.alchemy.com/reference/throughput"}}
Error processing swap: HTTP error 429 with body: {"jsonrpc":"2.0","id":300,"error":{"code":429,"message":"Your app has exceeded its compute units per second capacity. If you have retries enabled, you can safely ignore this message. If not, check out https://docs.alchemy.com/reference/throughput"}}
Error processing swap: HTTP error 429 with body: {"jsonrpc":"2.0","id":301,"error":{"code":429,"message":"Your app has exceeded its compute units per second capacity. If you have retries enabled, you can safely ignore this message. If not, check out https://docs.alchemy.com/reference/throughput"}}
Error processing swap: HTTP error 429 with body: {"jsonrpc":"2.0","id":305,"error":{"code":429,"message":"Your app has exceeded its compute units per second capacity. If you have retries enabled, you can safely ignore this message. If not, check out https://docs.alchemy.com/reference/throughput"}}
Error processing swap: HTTP error 429 with body: {"jsonrpc":"2.0","id":208,"error":{"code":429,"message":"Your app has exceeded its compute units per second capacity. If you have retries enabled, you can safely ignore this message. If not, check out https://docs.alchemy.com/reference/throughput"}}
Error processing swap: HTTP error 429 with body: {"jsonrpc":"2.0","id":211,"error":{"code":429,"message":"Your app has exceeded its compute units per second capacity. If you have retries enabled, you can safely ignore this message. If not, check out https://docs.alchemy.com/reference/throughput"}}
Error processing swap: HTTP error 429 with body: {"jsonrpc":"2.0","id":212,"error":{"code":429,"message":"Your app has exceeded its compute units per second capacity. If you have retries enabled, you can safely ignore this message. If not, check out https://docs.alchemy.com/reference/throughput"}}
Error processing swap: HTTP error 429 with body: {"jsonrpc":"2.0","id":213,"error":{"code":429,"message":"Your app has exceeded its compute units per second capacity. If you have retries enabled, you can safely ignore this message. If not, check out https://docs.alchemy.com/reference/throughput"}}
Error processing swap: HTTP error 429 with body: {"jsonrpc":"2.0","id":214,"error":{"code":429,"message":"Your app has exceeded its compute units per second capacity. If you have retries enabled, you can safely ignore this message. If not, check out https://docs.alchemy.com/reference/throughput"}}
Error processing swap: server returned an error response: error code -32000: execution reverted
Error processing swap: server returned an error response: error code -32000: execution reverted
Error processing swap: server returned an error response: error code -32000: execution reverted
Error processing swap: HTTP error 429 with body: {"jsonrpc":"2.0","id":227,"error":{"code":429,"message":"Your app has exceeded its compute units per second capacity. If you have retries enabled, you can safely ignore this message. If not, check out https://docs.alchemy.com/reference/throughput"}}
Error processing swap: HTTP error 429 with body: {"jsonrpc":"2.0","id":229,"error":{"code":429,"message":"Your app has exceeded its compute units per second capacity. If you have retries enabled, you can safely ignore this message. If not, check out https://docs.alchemy.com/reference/throughput"}}
Error processing swap: HTTP error 429 with body: {"jsonrpc":"2.0","id":337,"error":{"code":429,"message":"Your app has exceeded its compute units per second capacity. If you have retries enabled, you can safely ignore this message. If not, check out https://docs.alchemy.com/reference/throughput"}}
Error processing swap: HTTP error 429 with body: {"jsonrpc":"2.0","id":230,"error":{"code":429,"message":"Your app has exceeded its compute units per second capacity. If you have retries enabled, you can safely ignore this message. If not, check out https://docs.alchemy.com/reference/throughput"}}
Error processing swap: HTTP error 429 with body: {"jsonrpc":"2.0","id":338,"error":{"code":429,"message":"Your app has exceeded its compute units per second capacity. If you have retries enabled, you can safely ignore this message. If not, check out https://docs.alchemy.com/reference/throughput"}}
Error processing swap: HTTP error 429 with body: {"jsonrpc":"2.0","id":231,"error":{"code":429,"message":"Your app has exceeded its compute units per second capacity. If you have retries enabled, you can safely ignore this message. If not, check out https://docs.alchemy.com/reference/throughput"}}
Error processing swap: HTTP error 429 with body: {"jsonrpc":"2.0","id":339,"error":{"code":429,"message":"Your app has exceeded its compute units per second capacity. If you have retries enabled, you can safely ignore this message. If not, check out https://docs.alchemy.com/reference/throughput"}}
Error processing swap: HTTP error 429 with body: {"jsonrpc":"2.0","id":232,"error":{"code":429,"message":"Your app has exceeded its compute units per second capacity. If you have retries enabled, you can safely ignore this message. If not, check out https://docs.alchemy.com/reference/throughput"}}
Error processing swap: HTTP error 429 with body: {"jsonrpc":"2.0","id":234,"error":{"code":429,"message":"Your app has exceeded its compute units per second capacity. If you have retries enabled, you can safely ignore this message. If not, check out https://docs.alchemy.com/reference/throughput"}}
Error processing swap: HTTP error 429 with body: {"jsonrpc":"2.0","id":237,"error":{"code":429,"message":"Your app has exceeded its compute units per second capacity. If you have retries enabled, you can safely ignore this message. If not, check out https://docs.alchemy.com/reference/throughput"}}
Error processing swap: HTTP error 429 with body: {"jsonrpc":"2.0","id":347,"error":{"code":429,"message":"Your app has exceeded its compute units per second capacity. If you have retries enabled, you can safely ignore this message. If not, check out https://docs.alchemy.com/reference/throughput"}}
Error processing swap: HTTP error 429 with body: {"jsonrpc":"2.0","id":239,"error":{"code":429,"message":"Your app has exceeded its compute units per second capacity. If you have retries enabled, you can safely ignore this message. If not, check out https://docs.alchemy.com/reference/throughput"}}
Error processing swap: HTTP error 429 with body: {"jsonrpc":"2.0","id":348,"error":{"code":429,"message":"Your app has exceeded its compute units per second capacity. If you have retries enabled, you can safely ignore this message. If not, check out https://docs.alchemy.com/reference/throughput"}}
Error processing swap: HTTP error 429 with body: {"jsonrpc":"2.0","id":241,"error":{"code":429,"message":"Your app has exceeded its compute units per second capacity. If you have retries enabled, you can safely ignore this message. If not, check out https://docs.alchemy.com/reference/throughput"}}
Error processing swap: server returned an error response: error code -32000: execution reverted
Error processing swap: HTTP error 429 with body: {"jsonrpc":"2.0","id":393,"error":{"code":429,"message":"Your app has exceeded its compute units per second capacity. If you have retries enabled, you can safely ignore this message. If not, check out https://docs.alchemy.com/reference/throughput"}}
Error processing swap: HTTP error 429 with body: {"jsonrpc":"2.0","id":263,"error":{"code":429,"message":"Your app has exceeded its compute units per second capacity. If you have retries enabled, you can safely ignore this message. If not, check out https://docs.alchemy.com/reference/throughput"}}
Error processing swap: HTTP error 429 with body: {"jsonrpc":"2.0","id":108,"error":{"code":429,"message":"Your app has exceeded its compute units per second capacity. If you have retries enabled, you can safely ignore this message. If not, check out https://docs.alchemy.com/reference/throughput"}}
Error processing swap: HTTP error 429 with body: {"jsonrpc":"2.0","id":394,"error":{"code":429,"message":"Your app has exceeded its compute units per second capacity. If you have retries enabled, you can safely ignore this message. If not, check out https://docs.alchemy.com/reference/throughput"}}
Error processing swap: HTTP error 429 with body: {"jsonrpc":"2.0","id":398,"error":{"code":429,"message":"Your app has exceeded its compute units per second capacity. If you have retries enabled, you can safely ignore this message. If not, check out https://docs.alchemy.com/reference/throughput"}}
Error processing swap: HTTP error 429 with body: {"jsonrpc":"2.0","id":266,"error":{"code":429,"message":"Your app has exceeded its compute units per second capacity. If you have retries enabled, you can safely ignore this message. If not, check out https://docs.alchemy.com/reference/throughput"}}
Error processing swap: HTTP error 429 with body: {"jsonrpc":"2.0","id":117,"error":{"code":429,"message":"Your app has exceeded its compute units per second capacity. If you have retries enabled, you can safely ignore this message. If not, check out https://docs.alchemy.com/reference/throughput"}}
Error processing swap: HTTP error 429 with body: {"jsonrpc":"2.0","id":402,"error":{"code":429,"message":"Your app has exceeded its compute units per second capacity. If you have retries enabled, you can safely ignore this message. If not, check out https://docs.alchemy.com/reference/throughput"}}
Error processing swap: server returned an error response: error code -32000: execution reverted
Error processing swap: HTTP error 429 with body: {"jsonrpc":"2.0","id":120,"error":{"code":429,"message":"Your app has exceeded its compute units per second capacity. If you have retries enabled, you can safely ignore this message. If not, check out https://docs.alchemy.com/reference/throughput"}}
Error processing swap: HTTP error 429 with body: {"jsonrpc":"2.0","id":403,"error":{"code":429,"message":"Your app has exceeded its compute units per second capacity. If you have retries enabled, you can safely ignore this message. If not, check out https://docs.alchemy.com/reference/throughput"}}
Error processing swap: HTTP error 429 with body: {"jsonrpc":"2.0","id":125,"error":{"code":429,"message":"Your app has exceeded its compute units per second capacity. If you have retries enabled, you can safely ignore this message. If not, check out https://docs.alchemy.com/reference/throughput"}}
Error processing swap: HTTP error 429 with body: {"jsonrpc":"2.0","id":406,"error":{"code":429,"message":"Your app has exceeded its compute units per second capacity. If you have retries enabled, you can safely ignore this message. If not, check out https://docs.alchemy.com/reference/throughput"}}
Error processing swap: server returned an error response: error code -32000: execution reverted
Error processing swap: server returned an error response: error code -32000: execution reverted
Error processing swap: HTTP error 429 with body: {"jsonrpc":"2.0","id":413,"error":{"code":429,"message":"Your app has exceeded its compute units per second capacity. If you have retries enabled, you can safely ignore this message. If not, check out https://docs.alchemy.com/reference/throughput"}}
Error processing swap: HTTP error 429 with body: {"jsonrpc":"2.0","id":137,"error":{"code":429,"message":"Your app has exceeded its compute units per second capacity. If you have retries enabled, you can safely ignore this message. If not, check out https://docs.alchemy.com/reference/throughput"}}
Error processing swap: HTTP error 429 with body: {"jsonrpc":"2.0","id":416,"error":{"code":429,"message":"Your app has exceeded its compute units per second capacity. If you have retries enabled, you can safely ignore this message. If not, check out https://docs.alchemy.com/reference/throughput"}}
Error processing swap: HTTP error 429 with body: {"jsonrpc":"2.0","id":281,"error":{"code":429,"message":"Your app has exceeded its compute units per second capacity. If you have retries enabled, you can safely ignore this message. If not, check out https://docs.alchemy.com/reference/throughput"}}
Error processing swap: HTTP error 429 with body: {"jsonrpc":"2.0","id":417,"error":{"code":429,"message":"Your app has exceeded its compute units per second capacity. If you have retries enabled, you can safely ignore this message. If not, check out https://docs.alchemy.com/reference/throughput"}}
Error processing swap: HTTP error 429 with body: {"jsonrpc":"2.0","id":284,"error":{"code":429,"message":"Your app has exceeded its compute units per second capacity. If you have retries enabled, you can safely ignore this message. If not, check out https://docs.alchemy.com/reference/throughput"}}
Error processing swap: HTTP error 429 with body: {"jsonrpc":"2.0","id":424,"error":{"code":429,"message":"Your app has exceeded its compute units per second capacity. If you have retries enabled, you can safely ignore this message. If not, check out https://docs.alchemy.com/reference/throughput"}}
Error processing swap: HTTP error 429 with body: {"jsonrpc":"2.0","id":287,"error":{"code":429,"message":"Your app has exceeded its compute units per second capacity. If you have retries enabled, you can safely ignore this message. If not, check out https://docs.alchemy.com/reference/throughput"}}
Error processing swap: server returned an error response: error code -32000: execution reverted
Error processing swap: server returned an error response: error code -32000: execution reverted
Error processing swap: HTTP error 429 with body: {"jsonrpc":"2.0","id":300,"error":{"code":429,"message":"Your app has exceeded its compute units per second capacity. If you have retries enabled, you can safely ignore this message. If not, check out https://docs.alchemy.com/reference/throughput"}}
Error processing swap: server returned an error response: error code -32000: execution reverted
Error processing swap: HTTP error 429 with body: {"jsonrpc":"2.0","id":439,"error":{"code":429,"message":"Your app has exceeded its compute units per second capacity. If you have retries enabled, you can safely ignore this message. If not, check out https://docs.alchemy.com/reference/throughput"}}
Error processing swap: HTTP error 429 with body: {"jsonrpc":"2.0","id":308,"error":{"code":429,"message":"Your app has exceeded its compute units per second capacity. If you have retries enabled, you can safely ignore this message. If not, check out https://docs.alchemy.com/reference/throughput"}}
Error processing swap: server returned an error response: error code -32000: execution reverted
Error processing swap: server returned an error response: error code -32000: execution reverted
Error processing swap: server returned an error response: error code -32000: execution reverted
Error processing swap: server returned an error response: error code -32000: execution reverted
Error processing swap: server returned an error response: error code -32000: execution reverted
Error processing swap: server returned an error response: error code -32000: execution reverted
Error processing swap: server returned an error response: error code -32000: execution reverted
Error processing swap: server returned an error response: error code -32000: execution reverted
Error processing swap: server returned an error response: error code -32000: execution reverted
Error processing swap: server returned an error response: error code -32000: execution reverted
Error processing swap: server returned an error response: error code -32000: execution reverted
Error processing swap: server returned an error response: error code -32000: execution reverted
Error processing swap: server returned an error response: error code -32000: execution reverted
Error processing swap: server returned an error response: error code -32000: execution reverted
Error processing swap: server returned an error response: error code -32000: execution reverted
Error processing swap: server returned an error response: error code -32000: execution reverted
Error processing swap: server returned an error response: error code -32000: execution reverted
Error processing swap: server returned an error response: error code -32000: execution reverted
Error processing swap: server returned an error response: error code -32000: execution reverted
Error processing swap: server returned an error response: error code -32000: execution reverted
Error processing swap: server returned an error response: error code -32000: execution reverted
Error processing swap: server returned an error response: error code -32000: execution reverted
Error processing swap: server returned an error response: error code -32000: execution reverted
Error processing swap: server returned an error response: error code -32000: execution reverted
Error processing swap: server returned an error response: error code -32000: execution reverted
Error processing swap: server returned an error response: error code -32000: execution reverted
Error processing swap: server returned an error response: error code -32000: execution reverted
Error processing swap: server returned an error response: error code -32000: execution reverted
Error processing swap: server returned an error response: error code -32000: execution reverted
Error processing swap: server returned an error response: error code -32000: execution reverted
Error processing swap: server returned an error response: error code -32000: execution reverted
Error processing swap: server returned an error response: error code -32000: execution reverted
Error processing swap: server returned an error response: error code -32000: execution reverted
Error processing swap: server returned an error response: error code -32000: execution reverted
Error processing swap: server returned an error response: error code -32000: execution reverted
Error processing swap: server returned an error response: error code -32000: execution reverted
Error processing swap: server returned an error response: error code -32000: execution reverted
Error processing swap: server returned an error response: error code -32000: execution reverted
